#
# There is insufficient memory for the Java Runtime Environment to continue.
# Native memory allocation (mmap) failed to map 425984 bytes for Failed to commit area from 0x00000253ce0b0000 to 0x00000253ce118000 of length 425984.
# Possible reasons:
#   The system is out of physical RAM or swap space
#   The process is running with CompressedOops enabled, and the Java Heap may be blocking the growth of the native heap
# Possible solutions:
#   Reduce memory load on the system
#   Increase physical memory or swap space
#   Check if swap backing store is full
#   Decrease Java heap size (-Xmx/-Xms)
#   Decrease number of Java threads
#   Decrease Java thread stack sizes (-Xss)
#   Set larger code cache with -XX:ReservedCodeCacheSize=
#   JVM is running with Unscaled Compressed Oops mode in which the Java heap is
#     placed in the first 4GB address space. The Java Heap base address is the
#     maximum limit for the native heap growth. Please use -XX:HeapBaseMinAddress
#     to set the Java Heap base and to place the Java Heap above 4GB virtual address.
# This output file may be truncated or incomplete.
#
#  Out of Memory Error (t:/workspace/open/src/hotspot/os/windows/os_windows.cpp:3301), pid=9940, tid=13912
#
# JRE version: Java(TM) SE Runtime Environment (13.0.1+9) (build 13.0.1+9)
# Java VM: Java HotSpot(TM) 64-Bit Server VM (13.0.1+9, mixed mode, sharing, tiered, compressed oops, g1 gc, windows-amd64)
# No core dump will be written. Minidumps are not enabled by default on client versions of Windows
#

---------------  S U M M A R Y ------------

Command Line: -XX:TieredStopAtLevel=1 -Xverify:none -Dspring.output.ansi.enabled=always -javaagent:C:\Program Files\JetBrains\IntelliJ IDEA 2021.1.2\lib\idea_rt.jar=32129:C:\Program Files\JetBrains\IntelliJ IDEA 2021.1.2\bin -Dcom.sun.management.jmxremote -Dspring.jmx.enabled=true -Dspring.liveBeansView.mbeanDomain -Dspring.application.admin.enabled=true -Dfile.encoding=UTF-8 com.example.backend.BackendApplication

Host: Intel(R) Core(TM) i7-8550U CPU @ 1.80GHz, 8 cores, 7G,  Windows 10 , 64 bit Build 19041 (10.0.19041.1023)
Time: Mon Jun 28 03:12:45 2021 Egypt Standard Time elapsed time: 1 seconds (0d 0h 0m 1s)

---------------  T H R E A D  ---------------

Current thread (0x00000253d28f2800):  VMThread "VM Thread" [stack: 0x000000d018e00000,0x000000d018f00000] [id=13912]

Stack: [0x000000d018e00000,0x000000d018f00000]
[error occurred during error reporting (printing stack bounds), id 0xc0000005, EXCEPTION_ACCESS_VIOLATION (0xc0000005) at pc=0x00000253bbee10ad]

Native frames: (J=compiled Java code, j=interpreted, Vv=VM code, C=native code)
V  [jvm.dll+0x626eca]
V  [jvm.dll+0x772c6a]
V  [jvm.dll+0x77441f]
V  [jvm.dll+0x774985]
V  [jvm.dll+0x77493b]
V  [jvm.dll+0x6266ff]
C  [ntdll.dll+0x78a4c]
C  [ntdll.dll+0x51276]
C  [ntdll.dll+0xa0cae]
C  0x00000253bbee10ad

VM_Operation (0x000000d0188fc460): CollectForMetadataAllocation, mode: safepoint, requested by thread 0x00000253b39d8000


---------------  P R O C E S S  ---------------

Threads class SMR info:
_java_thread_list=0x00000253d4873680, length=13, elements={
0x00000253b39d8000, 0x00000253d28f4800, 0x00000253d28f6800, 0x00000253d2914000,
0x00000253d2916000, 0x00000253d2918800, 0x00000253d291c000, 0x00000253d28d9000,
0x00000253d35b3000, 0x00000253d35b6800, 0x00000253d3a81800, 0x00000253d478d800,
0x00000253d47d2800
}

Java Threads: ( => current thread )
  0x00000253b39d8000 JavaThread "main" [_thread_blocked, id=9056, stack(0x000000d018800000,0x000000d018900000)]
  0x00000253d28f4800 JavaThread "Reference Handler" daemon [_thread_blocked, id=268, stack(0x000000d018f00000,0x000000d019000000)]
  0x00000253d28f6800 JavaThread "Finalizer" daemon [_thread_blocked, id=1464, stack(0x000000d019000000,0x000000d019100000)]
  0x00000253d2914000 JavaThread "Signal Dispatcher" daemon [_thread_blocked, id=5264, stack(0x000000d019100000,0x000000d019200000)]
  0x00000253d2916000 JavaThread "Attach Listener" daemon [_thread_blocked, id=12716, stack(0x000000d019200000,0x000000d019300000)]
  0x00000253d2918800 JavaThread "C1 CompilerThread0" daemon [_thread_blocked, id=3520, stack(0x000000d019300000,0x000000d019400000)]
  0x00000253d291c000 JavaThread "Sweeper thread" daemon [_thread_blocked, id=2908, stack(0x000000d019400000,0x000000d019500000)]
  0x00000253d28d9000 JavaThread "Common-Cleaner" daemon [_thread_blocked, id=5420, stack(0x000000d019500000,0x000000d019600000)]
  0x00000253d35b3000 JavaThread "Monitor Ctrl-Break" daemon [_thread_in_native, id=11920, stack(0x000000d019600000,0x000000d019700000)]
  0x00000253d35b6800 JavaThread "Service Thread" daemon [_thread_blocked, id=10604, stack(0x000000d019700000,0x000000d019800000)]
  0x00000253d3a81800 JavaThread "RMI TCP Accept-0" daemon [_thread_in_native, id=8800, stack(0x000000d019800000,0x000000d019900000)]
  0x00000253d478d800 JavaThread "RMI TCP Connection(1)-192.168.1.39" daemon [_thread_in_native, id=13752, stack(0x000000d019c00000,0x000000d019d00000)]
  0x00000253d47d2800 JavaThread "RMI Scheduler(0)" daemon [_thread_blocked, id=5072, stack(0x000000d019e00000,0x000000d019f00000)]

Other Threads:
=>0x00000253d28f2800 VMThread "VM Thread" [stack: 0x000000d018e00000,0x000000d018f00000] [id=13912]
  0x00000253d3a86800 WatcherThread [stack: 0x000000d019900000,0x000000d019a00000] [id=12652]
  0x00000253b3a1b000 GCTaskThread "GC Thread#0" [stack: 0x000000d018900000,0x000000d018a00000] [id=6464]
  0x00000253d3c0a800 GCTaskThread "GC Thread#1" [stack: 0x000000d019a00000,0x000000d019b00000] [id=9016]
  0x00000253d3e5a000 GCTaskThread "GC Thread#2" [stack: 0x000000d019b00000,0x000000d019c00000] [id=9588]
  0x00000253d3f79800 GCTaskThread "GC Thread#3" [stack: 0x000000d019d00000,0x000000d019e00000] [id=12532]
  0x00000253b3a2d800 ConcurrentGCThread "G1 Main Marker" [stack: 0x000000d018a00000,0x000000d018b00000] [id=9736]
  0x00000253b3a30000 ConcurrentGCThread "G1 Conc#0" [stack: 0x000000d018b00000,0x000000d018c00000] [id=12444]
  0x00000253b3aac800 ConcurrentGCThread "G1 Refine#0" [stack: 0x000000d018c00000,0x000000d018d00000] [id=11040]
  0x00000253d2770800 ConcurrentGCThread "G1 Young RemSet Sampling" [stack: 0x000000d018d00000,0x000000d018e00000] [id=9680]

Threads with active compile tasks:

VM state:at safepoint (normal execution)

VM Mutex/Monitor currently owned by a thread:  ([mutex/lock_event])
[0x00000253b39d36b0] Threads_lock - owner thread: 0x00000253d28f2800
[0x00000253b39d40d0] Heap_lock - owner thread: 0x00000253b39d8000

Heap address: 0x0000000081e00000, size: 2018 MB, Compressed Oops mode: 32-bit
Narrow klass base: 0x0000000800000000, Narrow klass shift: 3
Compressed class space size: 1073741824 Address: 0x0000000800b40000

Heap:
 garbage-first heap   total 157696K, used 12828K [0x0000000081e00000, 0x0000000100000000)
  region size 1024K, 6 young (6144K), 6 survivors (6144K)
 Metaspace       used 20187K, capacity 21032K, committed 21248K, reserved 1067008K
  class space    used 2737K, capacity 3071K, committed 3072K, reserved 1048576K
Heap Regions: E=young(eden), S=young(survivor), O=old, HS=humongous(starts), HC=humongous(continues), CS=collection set, F=free, A=archive, TAMS=top-at-mark-start (previous, next)
|   0|0x0000000081e00000, 0x0000000081f00000, 0x0000000081f00000|100%|HS|  |TAMS 0x0000000081e00000, 0x0000000081f00000| Complete 
|   1|0x0000000081f00000, 0x0000000082000000, 0x0000000082000000|100%| O|  |TAMS 0x0000000081f00000, 0x0000000082000000| Untracked 
|   2|0x0000000082000000, 0x0000000082100000, 0x0000000082100000|100%| O|  |TAMS 0x0000000082000000, 0x0000000082100000| Untracked 
|   3|0x0000000082100000, 0x0000000082200000, 0x0000000082200000|100%| O|  |TAMS 0x0000000082100000, 0x0000000082200000| Untracked 
|   4|0x0000000082200000, 0x0000000082300000, 0x0000000082300000|100%| O|  |TAMS 0x0000000082200000, 0x0000000082300000| Untracked 
|   5|0x0000000082300000, 0x0000000082400000, 0x0000000082400000|100%| O|  |TAMS 0x0000000082300000, 0x0000000082400000| Untracked 
|   6|0x0000000082400000, 0x00000000824bce00, 0x0000000082500000| 73%| O|  |TAMS 0x0000000082400000, 0x00000000824bce00| Untracked 
|   7|0x0000000082500000, 0x0000000082500000, 0x0000000082600000|  0%| F|  |TAMS 0x0000000082500000, 0x0000000082500000| Untracked 
|   8|0x0000000082600000, 0x0000000082600000, 0x0000000082700000|  0%| F|  |TAMS 0x0000000082600000, 0x0000000082600000| Untracked 
|   9|0x0000000082700000, 0x0000000082700000, 0x0000000082800000|  0%| F|  |TAMS 0x0000000082700000, 0x0000000082700000| Untracked 
|  10|0x0000000082800000, 0x0000000082800000, 0x0000000082900000|  0%| F|  |TAMS 0x0000000082800000, 0x0000000082800000| Untracked 
|  11|0x0000000082900000, 0x0000000082900000, 0x0000000082a00000|  0%| F|  |TAMS 0x0000000082900000, 0x0000000082900000| Untracked 
|  12|0x0000000082a00000, 0x0000000082a00000, 0x0000000082b00000|  0%| F|  |TAMS 0x0000000082a00000, 0x0000000082a00000| Untracked 
|  13|0x0000000082b00000, 0x0000000082b00000, 0x0000000082c00000|  0%| F|  |TAMS 0x0000000082b00000, 0x0000000082b00000| Untracked 
|  14|0x0000000082c00000, 0x0000000082c00000, 0x0000000082d00000|  0%| F|  |TAMS 0x0000000082c00000, 0x0000000082c00000| Untracked 
|  15|0x0000000082d00000, 0x0000000082d00000, 0x0000000082e00000|  0%| F|  |TAMS 0x0000000082d00000, 0x0000000082d00000| Untracked 
|  16|0x0000000082e00000, 0x0000000082e00000, 0x0000000082f00000|  0%| F|  |TAMS 0x0000000082e00000, 0x0000000082e00000| Untracked 
|  17|0x0000000082f00000, 0x0000000082f00000, 0x0000000083000000|  0%| F|  |TAMS 0x0000000082f00000, 0x0000000082f00000| Untracked 
|  18|0x0000000083000000, 0x0000000083000000, 0x0000000083100000|  0%| F|  |TAMS 0x0000000083000000, 0x0000000083000000| Untracked 
|  19|0x0000000083100000, 0x0000000083100000, 0x0000000083200000|  0%| F|  |TAMS 0x0000000083100000, 0x0000000083100000| Untracked 
|  20|0x0000000083200000, 0x0000000083200000, 0x0000000083300000|  0%| F|  |TAMS 0x0000000083200000, 0x0000000083200000| Untracked 
|  21|0x0000000083300000, 0x0000000083300000, 0x0000000083400000|  0%| F|  |TAMS 0x0000000083300000, 0x0000000083300000| Untracked 
|  22|0x0000000083400000, 0x0000000083400000, 0x0000000083500000|  0%| F|  |TAMS 0x0000000083400000, 0x0000000083400000| Untracked 
|  23|0x0000000083500000, 0x0000000083500000, 0x0000000083600000|  0%| F|  |TAMS 0x0000000083500000, 0x0000000083500000| Untracked 
|  24|0x0000000083600000, 0x0000000083600000, 0x0000000083700000|  0%| F|  |TAMS 0x0000000083600000, 0x0000000083600000| Untracked 
|  25|0x0000000083700000, 0x0000000083700000, 0x0000000083800000|  0%| F|  |TAMS 0x0000000083700000, 0x0000000083700000| Untracked 
|  26|0x0000000083800000, 0x0000000083800000, 0x0000000083900000|  0%| F|  |TAMS 0x0000000083800000, 0x0000000083800000| Untracked 
|  27|0x0000000083900000, 0x0000000083900000, 0x0000000083a00000|  0%| F|  |TAMS 0x0000000083900000, 0x0000000083900000| Untracked 
|  28|0x0000000083a00000, 0x0000000083a00000, 0x0000000083b00000|  0%| F|  |TAMS 0x0000000083a00000, 0x0000000083a00000| Untracked 
|  29|0x0000000083b00000, 0x0000000083b00000, 0x0000000083c00000|  0%| F|  |TAMS 0x0000000083b00000, 0x0000000083b00000| Untracked 
|  30|0x0000000083c00000, 0x0000000083c00000, 0x0000000083d00000|  0%| F|  |TAMS 0x0000000083c00000, 0x0000000083c00000| Untracked 
|  31|0x0000000083d00000, 0x0000000083d00000, 0x0000000083e00000|  0%| F|  |TAMS 0x0000000083d00000, 0x0000000083d00000| Untracked 
|  32|0x0000000083e00000, 0x0000000083e00000, 0x0000000083f00000|  0%| F|  |TAMS 0x0000000083e00000, 0x0000000083e00000| Untracked 
|  33|0x0000000083f00000, 0x0000000083f00000, 0x0000000084000000|  0%| F|  |TAMS 0x0000000083f00000, 0x0000000083f00000| Untracked 
|  34|0x0000000084000000, 0x0000000084000000, 0x0000000084100000|  0%| F|  |TAMS 0x0000000084000000, 0x0000000084000000| Untracked 
|  35|0x0000000084100000, 0x0000000084100000, 0x0000000084200000|  0%| F|  |TAMS 0x0000000084100000, 0x0000000084100000| Untracked 
|  36|0x0000000084200000, 0x0000000084200000, 0x0000000084300000|  0%| F|  |TAMS 0x0000000084200000, 0x0000000084200000| Untracked 
|  37|0x0000000084300000, 0x0000000084300000, 0x0000000084400000|  0%| F|  |TAMS 0x0000000084300000, 0x0000000084300000| Untracked 
|  38|0x0000000084400000, 0x0000000084400000, 0x0000000084500000|  0%| F|  |TAMS 0x0000000084400000, 0x0000000084400000| Untracked 
|  39|0x0000000084500000, 0x0000000084500000, 0x0000000084600000|  0%| F|  |TAMS 0x0000000084500000, 0x0000000084500000| Untracked 
|  40|0x0000000084600000, 0x0000000084600000, 0x0000000084700000|  0%| F|  |TAMS 0x0000000084600000, 0x0000000084600000| Untracked 
|  41|0x0000000084700000, 0x0000000084700000, 0x0000000084800000|  0%| F|  |TAMS 0x0000000084700000, 0x0000000084700000| Untracked 
|  42|0x0000000084800000, 0x0000000084800000, 0x0000000084900000|  0%| F|  |TAMS 0x0000000084800000, 0x0000000084800000| Untracked 
|  43|0x0000000084900000, 0x0000000084900000, 0x0000000084a00000|  0%| F|  |TAMS 0x0000000084900000, 0x0000000084900000| Untracked 
|  44|0x0000000084a00000, 0x0000000084a00000, 0x0000000084b00000|  0%| F|  |TAMS 0x0000000084a00000, 0x0000000084a00000| Untracked 
|  45|0x0000000084b00000, 0x0000000084b00000, 0x0000000084c00000|  0%| F|  |TAMS 0x0000000084b00000, 0x0000000084b00000| Untracked 
|  46|0x0000000084c00000, 0x0000000084c00000, 0x0000000084d00000|  0%| F|  |TAMS 0x0000000084c00000, 0x0000000084c00000| Untracked 
|  47|0x0000000084d00000, 0x0000000084d00000, 0x0000000084e00000|  0%| F|  |TAMS 0x0000000084d00000, 0x0000000084d00000| Untracked 
|  48|0x0000000084e00000, 0x0000000084e00000, 0x0000000084f00000|  0%| F|  |TAMS 0x0000000084e00000, 0x0000000084e00000| Untracked 
|  49|0x0000000084f00000, 0x0000000084f00000, 0x0000000085000000|  0%| F|  |TAMS 0x0000000084f00000, 0x0000000084f00000| Untracked 
|  50|0x0000000085000000, 0x0000000085000000, 0x0000000085100000|  0%| F|  |TAMS 0x0000000085000000, 0x0000000085000000| Untracked 
|  51|0x0000000085100000, 0x0000000085100000, 0x0000000085200000|  0%| F|  |TAMS 0x0000000085100000, 0x0000000085100000| Untracked 
|  52|0x0000000085200000, 0x0000000085200000, 0x0000000085300000|  0%| F|  |TAMS 0x0000000085200000, 0x0000000085200000| Untracked 
|  53|0x0000000085300000, 0x0000000085300000, 0x0000000085400000|  0%| F|  |TAMS 0x0000000085300000, 0x0000000085300000| Untracked 
|  54|0x0000000085400000, 0x0000000085400000, 0x0000000085500000|  0%| F|  |TAMS 0x0000000085400000, 0x0000000085400000| Untracked 
|  55|0x0000000085500000, 0x0000000085500000, 0x0000000085600000|  0%| F|  |TAMS 0x0000000085500000, 0x0000000085500000| Untracked 
|  56|0x0000000085600000, 0x0000000085600000, 0x0000000085700000|  0%| F|  |TAMS 0x0000000085600000, 0x0000000085600000| Untracked 
|  57|0x0000000085700000, 0x0000000085700000, 0x0000000085800000|  0%| F|  |TAMS 0x0000000085700000, 0x0000000085700000| Untracked 
|  58|0x0000000085800000, 0x0000000085800000, 0x0000000085900000|  0%| F|  |TAMS 0x0000000085800000, 0x0000000085800000| Untracked 
|  59|0x0000000085900000, 0x0000000085900000, 0x0000000085a00000|  0%| F|  |TAMS 0x0000000085900000, 0x0000000085900000| Untracked 
|  60|0x0000000085a00000, 0x0000000085a00000, 0x0000000085b00000|  0%| F|  |TAMS 0x0000000085a00000, 0x0000000085a00000| Untracked 
|  61|0x0000000085b00000, 0x0000000085b00000, 0x0000000085c00000|  0%| F|  |TAMS 0x0000000085b00000, 0x0000000085b00000| Untracked 
|  62|0x0000000085c00000, 0x0000000085c00000, 0x0000000085d00000|  0%| F|  |TAMS 0x0000000085c00000, 0x0000000085c00000| Untracked 
|  63|0x0000000085d00000, 0x0000000085d00000, 0x0000000085e00000|  0%| F|  |TAMS 0x0000000085d00000, 0x0000000085d00000| Untracked 
|  64|0x0000000085e00000, 0x0000000085e00000, 0x0000000085f00000|  0%| F|  |TAMS 0x0000000085e00000, 0x0000000085e00000| Untracked 
|  65|0x0000000085f00000, 0x0000000085f00000, 0x0000000086000000|  0%| F|  |TAMS 0x0000000085f00000, 0x0000000085f00000| Untracked 
|  66|0x0000000086000000, 0x0000000086000000, 0x0000000086100000|  0%| F|  |TAMS 0x0000000086000000, 0x0000000086000000| Untracked 
|  67|0x0000000086100000, 0x0000000086100000, 0x0000000086200000|  0%| F|  |TAMS 0x0000000086100000, 0x0000000086100000| Untracked 
|  68|0x0000000086200000, 0x0000000086200000, 0x0000000086300000|  0%| F|  |TAMS 0x0000000086200000, 0x0000000086200000| Untracked 
|  69|0x0000000086300000, 0x0000000086300000, 0x0000000086400000|  0%| F|  |TAMS 0x0000000086300000, 0x0000000086300000| Untracked 
|  70|0x0000000086400000, 0x0000000086400000, 0x0000000086500000|  0%| F|  |TAMS 0x0000000086400000, 0x0000000086400000| Untracked 
|  71|0x0000000086500000, 0x0000000086500000, 0x0000000086600000|  0%| F|  |TAMS 0x0000000086500000, 0x0000000086500000| Untracked 
|  72|0x0000000086600000, 0x0000000086600000, 0x0000000086700000|  0%| F|  |TAMS 0x0000000086600000, 0x0000000086600000| Untracked 
|  73|0x0000000086700000, 0x0000000086700000, 0x0000000086800000|  0%| F|  |TAMS 0x0000000086700000, 0x0000000086700000| Untracked 
|  74|0x0000000086800000, 0x0000000086800000, 0x0000000086900000|  0%| F|  |TAMS 0x0000000086800000, 0x0000000086800000| Untracked 
|  75|0x0000000086900000, 0x0000000086900000, 0x0000000086a00000|  0%| F|  |TAMS 0x0000000086900000, 0x0000000086900000| Untracked 
|  76|0x0000000086a00000, 0x0000000086a00000, 0x0000000086b00000|  0%| F|  |TAMS 0x0000000086a00000, 0x0000000086a00000| Untracked 
|  77|0x0000000086b00000, 0x0000000086b00000, 0x0000000086c00000|  0%| F|  |TAMS 0x0000000086b00000, 0x0000000086b00000| Untracked 
|  78|0x0000000086c00000, 0x0000000086c00000, 0x0000000086d00000|  0%| F|  |TAMS 0x0000000086c00000, 0x0000000086c00000| Untracked 
|  79|0x0000000086d00000, 0x0000000086d00000, 0x0000000086e00000|  0%| F|  |TAMS 0x0000000086d00000, 0x0000000086d00000| Untracked 
|  80|0x0000000086e00000, 0x0000000086e00000, 0x0000000086f00000|  0%| F|  |TAMS 0x0000000086e00000, 0x0000000086e00000| Untracked 
|  81|0x0000000086f00000, 0x0000000086f00000, 0x0000000087000000|  0%| F|  |TAMS 0x0000000086f00000, 0x0000000086f00000| Untracked 
|  82|0x0000000087000000, 0x0000000087000000, 0x0000000087100000|  0%| F|  |TAMS 0x0000000087000000, 0x0000000087000000| Untracked 
|  83|0x0000000087100000, 0x0000000087100000, 0x0000000087200000|  0%| F|  |TAMS 0x0000000087100000, 0x0000000087100000| Untracked 
|  84|0x0000000087200000, 0x0000000087200000, 0x0000000087300000|  0%| F|  |TAMS 0x0000000087200000, 0x0000000087200000| Untracked 
|  85|0x0000000087300000, 0x0000000087300000, 0x0000000087400000|  0%| F|  |TAMS 0x0000000087300000, 0x0000000087300000| Untracked 
|  86|0x0000000087400000, 0x0000000087400000, 0x0000000087500000|  0%| F|  |TAMS 0x0000000087400000, 0x0000000087400000| Untracked 
|  87|0x0000000087500000, 0x0000000087500000, 0x0000000087600000|  0%| F|  |TAMS 0x0000000087500000, 0x0000000087500000| Untracked 
|  88|0x0000000087600000, 0x0000000087600000, 0x0000000087700000|  0%| F|  |TAMS 0x0000000087600000, 0x0000000087600000| Untracked 
|  89|0x0000000087700000, 0x0000000087700000, 0x0000000087800000|  0%| F|  |TAMS 0x0000000087700000, 0x0000000087700000| Untracked 
|  90|0x0000000087800000, 0x0000000087800000, 0x0000000087900000|  0%| F|  |TAMS 0x0000000087800000, 0x0000000087800000| Untracked 
|  91|0x0000000087900000, 0x0000000087900000, 0x0000000087a00000|  0%| F|  |TAMS 0x0000000087900000, 0x0000000087900000| Untracked 
|  92|0x0000000087a00000, 0x0000000087a00000, 0x0000000087b00000|  0%| F|  |TAMS 0x0000000087a00000, 0x0000000087a00000| Untracked 
|  93|0x0000000087b00000, 0x0000000087b00000, 0x0000000087c00000|  0%| F|  |TAMS 0x0000000087b00000, 0x0000000087b00000| Untracked 
|  94|0x0000000087c00000, 0x0000000087c00000, 0x0000000087d00000|  0%| F|  |TAMS 0x0000000087c00000, 0x0000000087c00000| Untracked 
|  95|0x0000000087d00000, 0x0000000087d00000, 0x0000000087e00000|  0%| F|  |TAMS 0x0000000087d00000, 0x0000000087d00000| Untracked 
|  96|0x0000000087e00000, 0x0000000087e00000, 0x0000000087f00000|  0%| F|  |TAMS 0x0000000087e00000, 0x0000000087e00000| Untracked 
|  97|0x0000000087f00000, 0x0000000087f00000, 0x0000000088000000|  0%| F|  |TAMS 0x0000000087f00000, 0x0000000087f00000| Untracked 
|  98|0x0000000088000000, 0x0000000088000000, 0x0000000088100000|  0%| F|  |TAMS 0x0000000088000000, 0x0000000088000000| Untracked 
|  99|0x0000000088100000, 0x0000000088100000, 0x0000000088200000|  0%| F|  |TAMS 0x0000000088100000, 0x0000000088100000| Untracked 
| 100|0x0000000088200000, 0x0000000088200000, 0x0000000088300000|  0%| F|  |TAMS 0x0000000088200000, 0x0000000088200000| Untracked 
| 101|0x0000000088300000, 0x0000000088300000, 0x0000000088400000|  0%| F|  |TAMS 0x0000000088300000, 0x0000000088300000| Untracked 
| 102|0x0000000088400000, 0x0000000088400000, 0x0000000088500000|  0%| F|  |TAMS 0x0000000088400000, 0x0000000088400000| Untracked 
| 103|0x0000000088500000, 0x0000000088500000, 0x0000000088600000|  0%| F|  |TAMS 0x0000000088500000, 0x0000000088500000| Untracked 
| 104|0x0000000088600000, 0x0000000088600000, 0x0000000088700000|  0%| F|  |TAMS 0x0000000088600000, 0x0000000088600000| Untracked 
| 105|0x0000000088700000, 0x0000000088700000, 0x0000000088800000|  0%| F|  |TAMS 0x0000000088700000, 0x0000000088700000| Untracked 
| 106|0x0000000088800000, 0x0000000088800000, 0x0000000088900000|  0%| F|  |TAMS 0x0000000088800000, 0x0000000088800000| Untracked 
| 107|0x0000000088900000, 0x0000000088900000, 0x0000000088a00000|  0%| F|  |TAMS 0x0000000088900000, 0x0000000088900000| Untracked 
| 108|0x0000000088a00000, 0x0000000088a00000, 0x0000000088b00000|  0%| F|  |TAMS 0x0000000088a00000, 0x0000000088a00000| Untracked 
| 109|0x0000000088b00000, 0x0000000088bca530, 0x0000000088c00000| 79%| S|CS|TAMS 0x0000000088b00000, 0x0000000088b00000| Complete 
| 110|0x0000000088c00000, 0x0000000088d00000, 0x0000000088d00000|100%| S|CS|TAMS 0x0000000088c00000, 0x0000000088c00000| Complete 
| 111|0x0000000088d00000, 0x0000000088e00000, 0x0000000088e00000|100%| S|CS|TAMS 0x0000000088d00000, 0x0000000088d00000| Complete 
| 112|0x0000000088e00000, 0x0000000088f00000, 0x0000000088f00000|100%| S|CS|TAMS 0x0000000088e00000, 0x0000000088e00000| Complete 
| 113|0x0000000088f00000, 0x0000000089000000, 0x0000000089000000|100%| S|CS|TAMS 0x0000000088f00000, 0x0000000088f00000| Complete 
| 114|0x0000000089000000, 0x0000000089100000, 0x0000000089100000|100%| S|CS|TAMS 0x0000000089000000, 0x0000000089000000| Complete 
| 115|0x0000000089100000, 0x0000000089100000, 0x0000000089200000|  0%| F|  |TAMS 0x0000000089100000, 0x0000000089100000| Untracked 
| 116|0x0000000089200000, 0x0000000089200000, 0x0000000089300000|  0%| F|  |TAMS 0x0000000089200000, 0x0000000089200000| Untracked 
| 117|0x0000000089300000, 0x0000000089300000, 0x0000000089400000|  0%| F|  |TAMS 0x0000000089300000, 0x0000000089300000| Untracked 
| 118|0x0000000089400000, 0x0000000089400000, 0x0000000089500000|  0%| F|  |TAMS 0x0000000089400000, 0x0000000089400000| Untracked 
| 119|0x0000000089500000, 0x0000000089500000, 0x0000000089600000|  0%| F|  |TAMS 0x0000000089500000, 0x0000000089500000| Untracked 
| 120|0x0000000089600000, 0x0000000089600000, 0x0000000089700000|  0%| F|  |TAMS 0x0000000089600000, 0x0000000089600000| Untracked 
| 121|0x0000000089700000, 0x0000000089700000, 0x0000000089800000|  0%| F|  |TAMS 0x0000000089700000, 0x0000000089700000| Untracked 
| 122|0x0000000089800000, 0x0000000089800000, 0x0000000089900000|  0%| F|  |TAMS 0x0000000089800000, 0x0000000089800000| Untracked 
| 123|0x0000000089900000, 0x0000000089900000, 0x0000000089a00000|  0%| F|  |TAMS 0x0000000089900000, 0x0000000089900000| Untracked 
| 124|0x0000000089a00000, 0x0000000089a00000, 0x0000000089b00000|  0%| F|  |TAMS 0x0000000089a00000, 0x0000000089a00000| Untracked 
| 125|0x0000000089b00000, 0x0000000089b00000, 0x0000000089c00000|  0%| F|  |TAMS 0x0000000089b00000, 0x0000000089b00000| Untracked 
| 126|0x0000000089c00000, 0x0000000089c00000, 0x0000000089d00000|  0%| F|  |TAMS 0x0000000089c00000, 0x0000000089c00000| Untracked 
| 127|0x0000000089d00000, 0x0000000089d00000, 0x0000000089e00000|  0%| F|  |TAMS 0x0000000089d00000, 0x0000000089d00000| Untracked 

Card table byte_map: [0x00000253cb720000,0x00000253cbb20000] _byte_map_base: 0x00000253cb311000

Marking Bits (Prev, Next): (CMBitMap*) 0x00000253b3a1c0a8, (CMBitMap*) 0x00000253b3a1c0e8
 Prev Bits: [0x00000253cbf20000, 0x00000253cdea8000)
 Next Bits: [0x00000253cdeb0000, 0x00000253cfe38000)

Polling page: 0x00000253b31b0000

Metaspace:

Usage:
  Non-class:     17.54 MB capacity,    17.04 MB ( 97%) used,   422.49 KB (  2%) free+waste,    88.88 KB ( <1%) overhead. 
      Class:      3.00 MB capacity,     2.67 MB ( 89%) used,   285.77 KB (  9%) free+waste,    47.25 KB (  2%) overhead. 
       Both:     20.54 MB capacity,    19.71 MB ( 96%) used,   708.26 KB (  3%) free+waste,   136.13 KB ( <1%) overhead. 

Virtual space:
  Non-class space:       18.00 MB reserved,      17.75 MB ( 99%) committed 
      Class space:        1.00 GB reserved,       3.00 MB ( <1%) committed 
             Both:        1.02 GB reserved,      20.75 MB (  2%) committed 

Chunk freelists:
   Non-Class:  23.00 KB
       Class:  1.00 KB
        Both:  24.00 KB

MaxMetaspaceSize: 17179869184.00 GB
CompressedClassSpaceSize: 1.00 GB

CodeHeap 'non-profiled nmethods': size=238336Kb used=4902Kb max_used=4902Kb free=233433Kb
 bounds [0x00000253bc620000, 0x00000253bcaf0000, 0x00000253caee0000]
CodeHeap 'non-nmethods': size=7424Kb used=1218Kb max_used=1218Kb free=6205Kb
 bounds [0x00000253bbee0000, 0x00000253bc150000, 0x00000253bc620000]
 total_blobs=3724 nmethods=2972 adapters=406
 compilation: enabled
              stopped_count=0, restarted_count=0
 full_count=0

Compilation events (20 events):
Event: 1.767 Thread 0x00000253d2918800 2963       1       java.beans.MethodRef::<init> (5 bytes)
Event: 1.767 Thread 0x00000253d2918800 nmethod 2963 0x00000253bcae6390 code [0x00000253bcae6520, 0x00000253bcae6658]
Event: 1.767 Thread 0x00000253d2918800 2964       1       java.beans.MethodRef::set (58 bytes)
Event: 1.768 Thread 0x00000253d2918800 nmethod 2964 0x00000253bcae6710 code [0x00000253bcae6900, 0x00000253bcae6f40]
Event: 1.768 Thread 0x00000253d2918800 2965       1       org.springframework.core.MethodParameter::getExecutable (5 bytes)
Event: 1.768 Thread 0x00000253d2918800 nmethod 2965 0x00000253bcae7090 code [0x00000253bcae7220, 0x00000253bcae7358]
Event: 1.768 Thread 0x00000253d2918800 2966       1       org.springframework.core.MethodParameter::getParameterIndex (5 bytes)
Event: 1.768 Thread 0x00000253d2918800 nmethod 2966 0x00000253bcae7410 code [0x00000253bcae75a0, 0x00000253bcae76d8]
Event: 1.770 Thread 0x00000253d2918800 2967       1       jdk.internal.reflect.DelegatingMethodAccessorImpl::setDelegate (6 bytes)
Event: 1.770 Thread 0x00000253d2918800 nmethod 2967 0x00000253bcae7790 code [0x00000253bcae7920, 0x00000253bcae7a98]
Event: 1.773 Thread 0x00000253d2918800 2968   !   1       java.lang.reflect.Field::declaredAnnotations (82 bytes)
Event: 1.773 Thread 0x00000253d2918800 nmethod 2968 0x00000253bcae7b10 code [0x00000253bcae7ce0, 0x00000253bcae8150]
Event: 1.773 Thread 0x00000253d2918800 2969       1       org.springframework.boot.autoconfigure.SharedMetadataReaderFactoryContextInitializer$SharedMetadataReaderFactoryBean::getObjectType (3 bytes)
Event: 1.773 Thread 0x00000253d2918800 nmethod 2969 0x00000253bcae8390 code [0x00000253bcae8520, 0x00000253bcae8658]
Event: 1.776 Thread 0x00000253d2918800 2970       1       org.springframework.core.annotation.MergedAnnotations::from (8 bytes)
Event: 1.776 Thread 0x00000253d2918800 nmethod 2970 0x00000253bcae8710 code [0x00000253bcae88e0, 0x00000253bcae8b90]
Event: 1.776 Thread 0x00000253d2918800 2971       1       jdk.internal.reflect.MethodAccessorImpl::<init> (5 bytes)
Event: 1.776 Thread 0x00000253d2918800 nmethod 2971 0x00000253bcae8d10 code [0x00000253bcae8ea0, 0x00000253bcae8fd8]
Event: 1.778 Thread 0x00000253d2918800 2972       1       org.springframework.beans.factory.annotation.AutowiredAnnotationBeanPostProcessor::findAutowiredAnnotation (63 bytes)
Event: 1.778 Thread 0x00000253d2918800 nmethod 2972 0x00000253bcae9090 code [0x00000253bcae92a0, 0x00000253bcae9650]

GC Heap History (9 events):
Event: 0.736 GC heap before
{Heap before GC invocations=0 (full 0):
 garbage-first heap   total 131072K, used 24576K [0x0000000081e00000, 0x0000000100000000)
  region size 1024K, 24 young (24576K), 0 survivors (0K)
 Metaspace       used 6485K, capacity 6847K, committed 7040K, reserved 1056768K
  class space    used 801K, capacity 893K, committed 896K, reserved 1048576K
}
Event: 0.741 GC heap after
{Heap after GC invocations=1 (full 0):
 garbage-first heap   total 131072K, used 6696K [0x0000000081e00000, 0x0000000100000000)
  region size 1024K, 3 young (3072K), 3 survivors (3072K)
 Metaspace       used 6485K, capacity 6847K, committed 7040K, reserved 1056768K
  class space    used 801K, capacity 893K, committed 896K, reserved 1048576K
}
Event: 0.955 GC heap before
{Heap before GC invocations=1 (full 0):
 garbage-first heap   total 131072K, used 30248K [0x0000000081e00000, 0x0000000100000000)
  region size 1024K, 27 young (27648K), 3 survivors (3072K)
 Metaspace       used 9461K, capacity 9954K, committed 9984K, reserved 1058816K
  class space    used 1299K, capacity 1509K, committed 1536K, reserved 1048576K
}
Event: 0.960 GC heap after
{Heap after GC invocations=2 (full 0):
 garbage-first heap   total 131072K, used 8222K [0x0000000081e00000, 0x0000000100000000)
  region size 1024K, 2 young (2048K), 2 survivors (2048K)
 Metaspace       used 9461K, capacity 9954K, committed 9984K, reserved 1058816K
  class space    used 1299K, capacity 1509K, committed 1536K, reserved 1048576K
}
Event: 1.193 GC heap before
{Heap before GC invocations=2 (full 0):
 garbage-first heap   total 131072K, used 62494K [0x0000000081e00000, 0x0000000100000000)
  region size 1024K, 56 young (57344K), 2 survivors (2048K)
 Metaspace       used 14856K, capacity 15461K, committed 15616K, reserved 1062912K
  class space    used 1965K, capacity 2216K, committed 2304K, reserved 1048576K
}
Event: 1.197 GC heap after
{Heap after GC invocations=3 (full 0):
 garbage-first heap   total 131072K, used 9789K [0x0000000081e00000, 0x0000000100000000)
  region size 1024K, 3 young (3072K), 3 survivors (3072K)
 Metaspace       used 14856K, capacity 15461K, committed 15616K, reserved 1062912K
  class space    used 1965K, capacity 2216K, committed 2304K, reserved 1048576K
}
Event: 1.674 GC heap before
{Heap before GC invocations=3 (full 0):
 garbage-first heap   total 131072K, used 81469K [0x0000000081e00000, 0x0000000100000000)
  region size 1024K, 74 young (75776K), 3 survivors (3072K)
 Metaspace       used 18960K, capacity 19777K, committed 20096K, reserved 1067008K
  class space    used 2556K, capacity 2872K, committed 2944K, reserved 1048576K
}
Event: 1.680 GC heap after
{Heap after GC invocations=4 (full 0):
 garbage-first heap   total 131072K, used 11774K [0x0000000081e00000, 0x0000000100000000)
  region size 1024K, 5 young (5120K), 5 survivors (5120K)
 Metaspace       used 18960K, capacity 19777K, committed 20096K, reserved 1067008K
  class space    used 2556K, capacity 2872K, committed 2944K, reserved 1048576K
}
Event: 1.779 GC heap before
{Heap before GC invocations=4 (full 0):
 garbage-first heap   total 131072K, used 24062K [0x0000000081e00000, 0x0000000100000000)
  region size 1024K, 18 young (18432K), 5 survivors (5120K)
 Metaspace       used 20187K, capacity 21032K, committed 21248K, reserved 1067008K
  class space    used 2737K, capacity 3071K, committed 3072K, reserved 1048576K
}

Deoptimization events (0 events):
No events

Classes unloaded (0 events):
No events

Classes redefined (0 events):
No events

Internal exceptions (20 events):
Event: 1.747 Thread 0x00000253b39d8000 Exception <a 'java/lang/ClassNotFoundException'{0x00000000895645b8}: org/springframework/aop/framework/ProxyConfigCustomizer> (0x00000000895645b8) 
thrown [t:/workspace/open/src/hotspot/share/classfile/systemDictionary.cpp, line 232]
Event: 1.748 Thread 0x00000253b39d8000 Exception <a 'java/lang/ClassNotFoundException'{0x000000008957d0f8}: org/springframework/aop/framework/ProxyProcessorSupportCustomizer> (0x000000008957d0f8) 
thrown [t:/workspace/open/src/hotspot/share/classfile/systemDictionary.cpp, line 232]
Event: 1.748 Thread 0x00000253b39d8000 Exception <a 'java/lang/ClassNotFoundException'{0x0000000089594a78}: org/springframework/aop/framework/autoproxy/AbstractAutoProxyCreatorCustomizer> (0x0000000089594a78) 
thrown [t:/workspace/open/src/hotspot/share/classfile/systemDictionary.cpp, line 232]
Event: 1.749 Thread 0x00000253b39d8000 Exception <a 'java/lang/ClassNotFoundException'{0x00000000895b8d50}: org/springframework/aop/framework/autoproxy/AbstractAdvisorAutoProxyCreatorCustomizer> (0x00000000895b8d50) 
thrown [t:/workspace/open/src/hotspot/share/classfile/systemDictionary.cpp, line 232]
Event: 1.750 Thread 0x00000253b39d8000 Exception <a 'java/lang/ClassNotFoundException'{0x00000000895d0fc0}: org/springframework/aop/aspectj/autoproxy/AspectJAwareAdvisorAutoProxyCreatorCustomizer> (0x00000000895d0fc0) 
thrown [t:/workspace/open/src/hotspot/share/classfile/systemDictionary.cpp, line 232]
Event: 1.750 Thread 0x00000253b39d8000 Exception <a 'java/lang/ClassNotFoundException'{0x00000000895e8380}: org/springframework/aop/aspectj/annotation/AnnotationAwareAspectJAutoProxyCreatorCustomizer> (0x00000000895e8380) 
thrown [t:/workspace/open/src/hotspot/share/classfile/systemDictionary.cpp, line 232]
Event: 1.751 Thread 0x00000253b39d8000 Exception <a 'java/lang/ClassNotFoundException'{0x0000000089410cd0}: org/springframework/beans/factory/config/SmartInstantiationAwareBeanPostProcessorCustomizer> (0x0000000089410cd0) 
thrown [t:/workspace/open/src/hotspot/share/classfile/systemDictionary.cpp, line 232]
Event: 1.751 Thread 0x00000253b39d8000 Exception <a 'java/lang/ClassNotFoundException'{0x0000000089429010}: org/springframework/beans/factory/config/InstantiationAwareBeanPostProcessorCustomizer> (0x0000000089429010) 
thrown [t:/workspace/open/src/hotspot/share/classfile/systemDictionary.cpp, line 232]
Event: 1.752 Thread 0x00000253b39d8000 Exception <a 'java/lang/ClassNotFoundException'{0x000000008943ea28}: org/springframework/beans/factory/config/BeanPostProcessorCustomizer> (0x000000008943ea28) 
thrown [t:/workspace/open/src/hotspot/share/classfile/systemDictionary.cpp, line 232]
Event: 1.752 Thread 0x00000253b39d8000 Exception <a 'java/lang/ClassNotFoundException'{0x0000000089450df0}: org/springframework/beans/factory/BeanFactoryAwareCustomizer> (0x0000000089450df0) 
thrown [t:/workspace/open/src/hotspot/share/classfile/systemDictionary.cpp, line 232]
Event: 1.752 Thread 0x00000253b39d8000 Exception <a 'java/lang/ClassNotFoundException'{0x00000000894619a8}: org/springframework/beans/factory/AwareCustomizer> (0x00000000894619a8) 
thrown [t:/workspace/open/src/hotspot/share/classfile/systemDictionary.cpp, line 232]
Event: 1.752 Thread 0x00000253b39d8000 Exception <a 'java/lang/ClassNotFoundException'{0x000000008946fef0}: org/springframework/core/OrderedCustomizer> (0x000000008946fef0) 
thrown [t:/workspace/open/src/hotspot/share/classfile/systemDictionary.cpp, line 232]
Event: 1.753 Thread 0x00000253b39d8000 Exception <a 'java/lang/ClassNotFoundException'{0x0000000089481ec8}: org/springframework/beans/factory/BeanClassLoaderAwareCustomizer> (0x0000000089481ec8) 
thrown [t:/workspace/open/src/hotspot/share/classfile/systemDictionary.cpp, line 232]
Event: 1.753 Thread 0x00000253b39d8000 Exception <a 'java/lang/ClassNotFoundException'{0x0000000089491f00}: org/springframework/beans/factory/AwareCustomizer> (0x0000000089491f00) 
thrown [t:/workspace/open/src/hotspot/share/classfile/systemDictionary.cpp, line 232]
Event: 1.753 Thread 0x00000253b39d8000 Exception <a 'java/lang/ClassNotFoundException'{0x00000000894a3108}: org/springframework/aop/framework/AopInfrastructureBeanCustomizer> (0x00000000894a3108) 
thrown [t:/workspace/open/src/hotspot/share/classfile/systemDictionary.cpp, line 232]
Event: 1.765 Thread 0x00000253b39d8000 Exception <a 'java/lang/ClassNotFoundException'{0x000000008939c998}: java/lang/ObjectCustomizer> (0x000000008939c998) 
thrown [t:/workspace/open/src/hotspot/share/classfile/systemDictionary.cpp, line 232]
Event: 1.765 Thread 0x00000253b39d8000 Exception <a 'java/lang/ClassNotFoundException'{0x00000000893b51b8}: org/springframework/transaction/annotation/AbstractTransactionManagementConfigurationCustomizer> (0x00000000893b51b8) 
thrown [t:/workspace/open/src/hotspot/share/classfile/systemDictionary.cpp, line 232]
Event: 1.766 Thread 0x00000253b39d8000 Exception <a 'java/lang/ClassNotFoundException'{0x00000000893cc360}: org/springframework/transaction/annotation/ProxyTransactionManagementConfigurationCustomizer> (0x00000000893cc360) 
thrown [t:/workspace/open/src/hotspot/share/classfile/systemDictionary.cpp, line 232]
Event: 1.766 Thread 0x00000253b39d8000 Exception <a 'java/lang/ClassNotFoundException'{0x00000000893e0df0}: org/springframework/context/annotation/ImportAwareCustomizer> (0x00000000893e0df0) 
thrown [t:/workspace/open/src/hotspot/share/classfile/systemDictionary.cpp, line 232]
Event: 1.766 Thread 0x00000253b39d8000 Exception <a 'java/lang/ClassNotFoundException'{0x00000000893f1248}: org/springframework/beans/factory/AwareCustomizer> (0x00000000893f1248) 
thrown [t:/workspace/open/src/hotspot/share/classfile/systemDictionary.cpp, line 232]

Events (20 events):
Event: 1.776 loading class org/springframework/transaction/interceptor/TransactionAspectSupport$ReactiveTransactionSupport done
Event: 1.776 loading class org/springframework/transaction/interceptor/BeanFactoryTransactionAttributeSourceAdvisor$1
Event: 1.776 loading class org/springframework/transaction/interceptor/BeanFactoryTransactionAttributeSourceAdvisor$1 done
Event: 1.776 loading class org/springframework/transaction/interceptor/TransactionAttributeSourcePointcut
Event: 1.776 loading class org/springframework/transaction/interceptor/TransactionAttributeSourcePointcut done
Event: 1.777 loading class org/springframework/aop/support/StaticMethodMatcherPointcut
Event: 1.777 loading class org/springframework/aop/support/StaticMethodMatcherPointcut done
Event: 1.777 loading class org/springframework/aop/support/StaticMethodMatcher
Event: 1.777 loading class org/springframework/aop/support/StaticMethodMatcher done
Event: 1.777 loading class org/springframework/aop/TrueClassFilter
Event: 1.777 loading class org/springframework/aop/TrueClassFilter done
Event: 1.777 loading class org/springframework/transaction/interceptor/TransactionAttributeSourcePointcut$TransactionAttributeSourceClassFilter
Event: 1.777 loading class org/springframework/transaction/interceptor/TransactionAttributeSourcePointcut$TransactionAttributeSourceClassFilter done
Event: 1.778 loading class org/springframework/aop/aspectj/AspectJPointcutAdvisor
Event: 1.778 loading class org/springframework/aop/aspectj/AspectJPointcutAdvisor done
Event: 1.778 loading class org/springframework/beans/factory/support/DefaultListableBeanFactory$DependencyObjectProvider
Event: 1.778 loading class org/springframework/beans/factory/support/DefaultListableBeanFactory$DependencyObjectProvider done
Event: 1.779 loading class org/springframework/beans/factory/support/DefaultListableBeanFactory$BeanObjectProvider
Event: 1.779 loading class org/springframework/beans/factory/support/DefaultListableBeanFactory$BeanObjectProvider done
Event: 1.779 Executing VM operation: CollectForMetadataAllocation


Dynamic libraries:
0x00007ff7d6250000 - 0x00007ff7d625f000 	C:\Program Files\Java\jdk-13.0.1\bin\java.exe
0x00007ff92b6b0000 - 0x00007ff92b8a5000 	C:\WINDOWS\SYSTEM32\ntdll.dll
0x00007ff929e60000 - 0x00007ff929f1d000 	C:\WINDOWS\System32\KERNEL32.DLL
0x00007ff9291e0000 - 0x00007ff9294a8000 	C:\WINDOWS\System32\KERNELBASE.dll
0x00007ff928f40000 - 0x00007ff929040000 	C:\WINDOWS\System32\ucrtbase.dll
0x00007ff91a560000 - 0x00007ff91a578000 	C:\Program Files\Java\jdk-13.0.1\bin\jli.dll
0x00007ff92a5d0000 - 0x00007ff92a67c000 	C:\WINDOWS\System32\ADVAPI32.dll
0x00007ff9170c0000 - 0x00007ff9170d5000 	C:\Program Files\Java\jdk-13.0.1\bin\VCRUNTIME140.dll
0x00007ff92a830000 - 0x00007ff92a8ce000 	C:\WINDOWS\System32\msvcrt.dll
0x00007ff929f50000 - 0x00007ff929feb000 	C:\WINDOWS\System32\sechost.dll
0x00007ff92a680000 - 0x00007ff92a7ab000 	C:\WINDOWS\System32\RPCRT4.dll
0x00007ff92b4c0000 - 0x00007ff92b660000 	C:\WINDOWS\System32\USER32.dll
0x00007ff9294b0000 - 0x00007ff9294d2000 	C:\WINDOWS\System32\win32u.dll
0x00007ff917110000 - 0x00007ff9173aa000 	C:\WINDOWS\WinSxS\amd64_microsoft.windows.common-controls_6595b64144ccf1df_6.0.19041.1052_none_60b8f8fd71f5e8cb\COMCTL32.dll
0x00007ff92b100000 - 0x00007ff92b12a000 	C:\WINDOWS\System32\GDI32.dll
0x00007ff929040000 - 0x00007ff92914b000 	C:\WINDOWS\System32\gdi32full.dll
0x00007ff928ea0000 - 0x00007ff928f3d000 	C:\WINDOWS\System32\msvcp_win.dll
0x00007ff922120000 - 0x00007ff92212a000 	C:\WINDOWS\SYSTEM32\VERSION.dll
0x00007ff929f20000 - 0x00007ff929f50000 	C:\WINDOWS\System32\IMM32.DLL
0x00007ff9086b0000 - 0x00007ff90874b000 	C:\Program Files\Java\jdk-13.0.1\bin\msvcp140.dll
0x00007ff8f4be0000 - 0x00007ff8f5746000 	C:\Program Files\Java\jdk-13.0.1\bin\server\jvm.dll
0x00007ff92b660000 - 0x00007ff92b668000 	C:\WINDOWS\System32\PSAPI.DLL
0x00007ff922d40000 - 0x00007ff922d49000 	C:\WINDOWS\SYSTEM32\WSOCK32.dll
0x00007ff92a500000 - 0x00007ff92a56b000 	C:\WINDOWS\System32\WS2_32.dll
0x00007ff919650000 - 0x00007ff919677000 	C:\WINDOWS\SYSTEM32\WINMM.dll
0x00007ff927710000 - 0x00007ff927722000 	C:\WINDOWS\SYSTEM32\kernel.appcore.dll
0x00007ff923590000 - 0x00007ff9235a0000 	C:\Program Files\Java\jdk-13.0.1\bin\verify.dll
0x00007ff926c00000 - 0x00007ff926de4000 	C:\WINDOWS\SYSTEM32\DBGHELP.DLL
0x00007ff9161d0000 - 0x00007ff9161fc000 	C:\WINDOWS\SYSTEM32\dbgcore.DLL
0x00007ff929150000 - 0x00007ff9291d3000 	C:\WINDOWS\System32\bcryptPrimitives.dll
0x00007ff90f680000 - 0x00007ff90f6a6000 	C:\Program Files\Java\jdk-13.0.1\bin\java.dll
0x00007ff91a0b0000 - 0x00007ff91a0be000 	C:\Program Files\Java\jdk-13.0.1\bin\instrument.dll
0x00007ff913f10000 - 0x00007ff913f27000 	C:\Program Files\Java\jdk-13.0.1\bin\zip.dll
0x00007ff921350000 - 0x00007ff92135a000 	C:\Program Files\Java\jdk-13.0.1\bin\jimage.dll
0x00007ff92a960000 - 0x00007ff92b09f000 	C:\WINDOWS\System32\SHELL32.dll
0x00007ff926df0000 - 0x00007ff927580000 	C:\WINDOWS\SYSTEM32\windows.storage.dll
0x00007ff92a1a0000 - 0x00007ff92a4f5000 	C:\WINDOWS\System32\combase.dll
0x00007ff928860000 - 0x00007ff92888c000 	C:\WINDOWS\SYSTEM32\Wldp.dll
0x00007ff92b410000 - 0x00007ff92b4be000 	C:\WINDOWS\System32\SHCORE.dll
0x00007ff92a570000 - 0x00007ff92a5c5000 	C:\WINDOWS\System32\shlwapi.dll
0x00007ff928d30000 - 0x00007ff928d4f000 	C:\WINDOWS\SYSTEM32\profapi.dll
0x00007ff90dd20000 - 0x00007ff90dd39000 	C:\Program Files\Java\jdk-13.0.1\bin\net.dll
0x00007ff926570000 - 0x00007ff92667b000 	C:\WINDOWS\SYSTEM32\WINHTTP.dll
0x00007ff9285d0000 - 0x00007ff92863a000 	C:\WINDOWS\system32\mswsock.dll
0x00007ff90dd00000 - 0x00007ff90dd13000 	C:\Program Files\Java\jdk-13.0.1\bin\nio.dll
0x00007ff90db10000 - 0x00007ff90db2a000 	C:\Program Files\JetBrains\IntelliJ IDEA 2021.1.2\bin\breakgen64.dll
0x00007ff9282b0000 - 0x00007ff92837c000 	C:\WINDOWS\SYSTEM32\DNSAPI.dll
0x00007ff928270000 - 0x00007ff9282ab000 	C:\WINDOWS\SYSTEM32\IPHLPAPI.DLL
0x00007ff92b2e0000 - 0x00007ff92b2e8000 	C:\WINDOWS\System32\NSI.dll
0x00007ff918f90000 - 0x00007ff918f9a000 	C:\Windows\System32\rasadhlp.dll
0x00007ff918fb0000 - 0x00007ff91902f000 	C:\WINDOWS\System32\fwpuclnt.dll
0x00007ff9296f0000 - 0x00007ff929717000 	C:\WINDOWS\System32\bcrypt.dll
0x00007ff9170b0000 - 0x00007ff9170b9000 	C:\Program Files\Java\jdk-13.0.1\bin\management.dll
0x00007ff913da0000 - 0x00007ff913dab000 	C:\Program Files\Java\jdk-13.0.1\bin\management_ext.dll
0x00007ff9287a0000 - 0x00007ff9287b8000 	C:\WINDOWS\SYSTEM32\CRYPTSP.dll
0x00007ff927f00000 - 0x00007ff927f34000 	C:\WINDOWS\system32\rsaenh.dll
0x00007ff928cf0000 - 0x00007ff928d1e000 	C:\WINDOWS\SYSTEM32\USERENV.dll
0x00007ff9287c0000 - 0x00007ff9287cc000 	C:\WINDOWS\SYSTEM32\CRYPTBASE.dll
0x00007ff920d20000 - 0x00007ff920d37000 	C:\WINDOWS\SYSTEM32\dhcpcsvc6.DLL
0x00007ff920fb0000 - 0x00007ff920fcd000 	C:\WINDOWS\SYSTEM32\dhcpcsvc.DLL
0x00007ff913ef0000 - 0x00007ff913f07000 	C:\WINDOWS\system32\napinsp.dll
0x00007ff914dd0000 - 0x00007ff914deb000 	C:\WINDOWS\system32\pnrpnsp.dll
0x00007ff90d8f0000 - 0x00007ff90d905000 	C:\WINDOWS\system32\wshbth.dll
0x00007ff923fb0000 - 0x00007ff923fcd000 	C:\WINDOWS\system32\NLAapi.dll
0x00007ff90d8d0000 - 0x00007ff90d8e2000 	C:\WINDOWS\System32\winrnr.dll

dbghelp: loaded successfully - version: 4.0.5 - missing functions: none
symbol engine: initialized successfully - sym options: 0x614 - pdb path: .;C:\Program Files\Java\jdk-13.0.1\bin;C:\WINDOWS\SYSTEM32;C:\WINDOWS\WinSxS\amd64_microsoft.windows.common-controls_6595b64144ccf1df_6.0.19041.1052_none_60b8f8fd71f5e8cb;C:\Program Files\Java\jdk-13.0.1\bin\server;C:\Program Files\JetBrains\IntelliJ IDEA 2021.1.2\bin

VM Arguments:
jvm_args: -XX:TieredStopAtLevel=1 -Xverify:none -Dspring.output.ansi.enabled=always -javaagent:C:\Program Files\JetBrains\IntelliJ IDEA 2021.1.2\lib\idea_rt.jar=32129:C:\Program Files\JetBrains\IntelliJ IDEA 2021.1.2\bin -Dcom.sun.management.jmxremote -Dspring.jmx.enabled=true -Dspring.liveBeansView.mbeanDomain -Dspring.application.admin.enabled=true -Dfile.encoding=UTF-8 
java_command: com.example.backend.BackendApplication
java_class_path (initial): C:\Data\backend\target\classes;C:\Users\Ahmed\.m2\repository\org\springframework\boot\spring-boot-starter-data-jpa\2.5.2\spring-boot-starter-data-jpa-2.5.2.jar;C:\Users\Ahmed\.m2\repository\org\springframework\boot\spring-boot-starter-aop\2.5.2\spring-boot-starter-aop-2.5.2.jar;C:\Users\Ahmed\.m2\repository\org\springframework\spring-aop\5.3.8\spring-aop-5.3.8.jar;C:\Users\Ahmed\.m2\repository\org\aspectj\aspectjweaver\1.9.6\aspectjweaver-1.9.6.jar;C:\Users\Ahmed\.m2\repository\org\springframework\boot\spring-boot-starter-jdbc\2.5.2\spring-boot-starter-jdbc-2.5.2.jar;C:\Users\Ahmed\.m2\repository\com\zaxxer\HikariCP\4.0.3\HikariCP-4.0.3.jar;C:\Users\Ahmed\.m2\repository\org\springframework\spring-jdbc\5.3.8\spring-jdbc-5.3.8.jar;C:\Users\Ahmed\.m2\repository\jakarta\transaction\jakarta.transaction-api\1.3.3\jakarta.transaction-api-1.3.3.jar;C:\Users\Ahmed\.m2\repository\jakarta\persistence\jakarta.persistence-api\2.2.3\jakarta.persistence-api-2.2.3.jar;C:\Users\Ahmed\.m2\repository\org\hibernate\hibernate-core\5.4.32.Final\hibernate-core-5.4.32.Final.jar;C:\Users\Ahmed\.m2\repository\org\jboss\logging\jboss-logging\3.4.2.Final\jboss-logging-3.4.2.Final.jar;C:\Users\Ahmed\.m2\repository\org\javassist\javassist\3.27.0-GA\javassist-3.27.0-GA.jar;C:\Users\Ahmed\.m2\repository\net\bytebuddy\byte-buddy\1.10.22\byte-buddy-1.10.22.jar;C:\Users\Ahmed\.m2\repository\antlr\antlr\2.7.7\antlr-2.7.7.jar;C:\Users\Ahmed\.m2\repository\org\jboss\jandex\2.2.3.Final\jandex-2.2.3.Final.jar;C:\Users\Ahmed\.m2\repository\com\fasterxml\classmate\1.5.1\classmate-1.5.1.jar;C:\Users\Ahmed\.m2\repository\org\dom4j\dom4j\2.1.3\dom4j-2.1.3.jar;C:\Users\Ahmed\.m2\repository\org\hibernate\common\hibernate-commons-annotations\5.1.2.Final\hibernate-commons-annotations-5.1.2.Final.jar;C:\Users\Ahmed\.m2\repository\org\glassfish\jaxb\jaxb-runtime\2.3.4\jaxb-runtime-2.3.4.jar;C:\Users\Ahmed\.m2\repository\org\glassfish\jaxb\txw2\2.3.4\txw2-2.3.4.jar;C:\Users\Ahmed\.m2\repo
Launcher Type: SUN_STANDARD

[Global flags]
     intx CICompilerCount                          = 4                                         {product} {ergonomic}
     uint ConcGCThreads                            = 2                                         {product} {ergonomic}
     uint G1ConcRefinementThreads                  = 8                                         {product} {ergonomic}
   size_t G1HeapRegionSize                         = 1048576                                   {product} {ergonomic}
    uintx GCDrainStackTargetSize                   = 64                                        {product} {ergonomic}
   size_t InitialHeapSize                          = 134217728                                 {product} {ergonomic}
     bool ManagementServer                         = true                                      {product} {command line}
   size_t MarkStackSize                            = 4194304                                   {product} {ergonomic}
   size_t MaxHeapSize                              = 2116026368                                {product} {ergonomic}
   size_t MaxNewSize                               = 1268776960                                {product} {ergonomic}
   size_t MinHeapDeltaBytes                        = 1048576                                   {product} {ergonomic}
   size_t MinHeapSize                              = 8388608                                   {product} {ergonomic}
    uintx NonNMethodCodeHeapSize                   = 7549744                                {pd product} {ergonomic}
    uintx NonProfiledCodeHeapSize                  = 244108496                              {pd product} {ergonomic}
    uintx ProfiledCodeHeapSize                     = 0                                      {pd product} {ergonomic}
    uintx ReservedCodeCacheSize                    = 251658240                              {pd product} {ergonomic}
     bool SegmentedCodeCache                       = true                                      {product} {ergonomic}
   size_t SoftMaxHeapSize                          = 2116026368                             {manageable} {ergonomic}
     intx TieredStopAtLevel                        = 1                                         {product} {command line}
     bool UseCompressedClassPointers               = true                                 {lp64_product} {ergonomic}
     bool UseCompressedOops                        = true                                 {lp64_product} {ergonomic}
     bool UseG1GC                                  = true                                      {product} {ergonomic}
     bool UseLargePagesIndividualAllocation        = false                                  {pd product} {ergonomic}

Logging:
Log output configuration:
 #0: stdout all=warning uptime,level,tags
 #1: stderr all=off uptime,level,tags

Environment Variables:
JAVA_HOME=C:\Program Files\AdoptOpenJDK\jdk-11.0.11.9-hotspot\
PATH=C:\Program Files\AdoptOpenJDK\jdk-11.0.11.9-hotspot\bin;C:\Windows\system32;C:\Windows;C:\Windows\System32\Wbem;C:\Windows\System32\WindowsPowerShell\v1.0\;C:\Windows\System32\OpenSSH\;C:\Program Files (x86)\NVIDIA Corporation\PhysX\Common;C:\Program Files\Git\cmd;C:\Program Files\nodejs\;C:\WINDOWS\system32;C:\WINDOWS;C:\WINDOWS\System32\Wbem;C:\WINDOWS\System32\WindowsPowerShell\v1.0\;C:\WINDOWS\System32\OpenSSH\;C:\Program Files\Dart\dart-sdk\bin;C:\Users\Ahmed\AppData\Roaming\npm\node_modules\http-server;C:\Users\Ahmed\AppData\Roaming\npm;C:\Users\Ahmed\AppData\Local\Programs\Python\Python37-32\Scripts\;C:\Users\Ahmed\AppData\Local\Programs\Python\Python37-32\;C:\Users\Ahmed\AppData\Local\Microsoft\WindowsApps;C:\Users\Ahmed\AppData\Local\Programs\Microsoft VS Code\bin;C:\Users\Ahmed\AppData\Roaming\npm;C:\Users\Ahmed\AppData\Local\GitHubDesktop\bin;C:\Users\Ahmed\AppData\Local\Microsoft\WindowsApps;C:\Program Files\JetBrains\IntelliJ IDEA Community Edition 2019.2.4\bin;;C:\Data\flutter\bin;C:\MinGW\bin;C:\Hugo\bin;C:\Program Files (x86)\Nmap;C:\Users\Ahmed\AppData\Roaming\npm;C:\Users\Ahmed\AppData\Roaming\npm\node_modules\http-server;;C:\Program Files\JetBrains\IntelliJ IDEA 2021.1.2\bin;
USERNAME=Ahmed
OS=Windows_NT
PROCESSOR_IDENTIFIER=Intel64 Family 6 Model 142 Stepping 10, GenuineIntel



---------------  S Y S T E M  ---------------

OS: Windows 10 , 64 bit Build 19041 (10.0.19041.1023)

CPU:total 8 (initial active 8) (4 cores per cpu, 2 threads per core) family 6 model 142 stepping 10, cmov, cx8, fxsr, mmx, sse, sse2, sse3, ssse3, sse4.1, sse4.2, popcnt, avx, avx2, aes, clmul, erms, 3dnowpref, lzcnt, ht, tsc, tscinvbit, bmi1, bmi2, adx, fma

Memory: 4k page, system-wide physical 8066M (849M free)
TotalPageFile size 8066M (AvailPageFile size 4M)
current process WorkingSet (physical memory assigned to process): 158M, peak: 158M
current process commit charge ("private bytes"): 273M, peak: 273M

vm_info: Java HotSpot(TM) 64-Bit Server VM (13.0.1+9) for windows-amd64 JRE (13.0.1+9), built on Oct  6 2019 12:37:49 by "mach5one" with unknown MS VC++:1916

END.
