#
# There is insufficient memory for the Java Runtime Environment to continue.
# Native memory allocation (mmap) failed to map 27262976 bytes for Failed to commit area from 0x0000000089e00000 to 0x000000008b800000 of length 27262976.
# Possible reasons:
#   The system is out of physical RAM or swap space
#   The process is running with CompressedOops enabled, and the Java Heap may be blocking the growth of the native heap
# Possible solutions:
#   Reduce memory load on the system
#   Increase physical memory or swap space
#   Check if swap backing store is full
#   Decrease Java heap size (-Xmx/-Xms)
#   Decrease number of Java threads
#   Decrease Java thread stack sizes (-Xss)
#   Set larger code cache with -XX:ReservedCodeCacheSize=
#   JVM is running with Unscaled Compressed Oops mode in which the Java heap is
#     placed in the first 4GB address space. The Java Heap base address is the
#     maximum limit for the native heap growth. Please use -XX:HeapBaseMinAddress
#     to set the Java Heap base and to place the Java Heap above 4GB virtual address.
# This output file may be truncated or incomplete.
#
#  Out of Memory Error (t:/workspace/open/src/hotspot/os/windows/os_windows.cpp:3301), pid=5128, tid=4332
#
# JRE version: Java(TM) SE Runtime Environment (13.0.1+9) (build 13.0.1+9)
# Java VM: Java HotSpot(TM) 64-Bit Server VM (13.0.1+9, mixed mode, sharing, tiered, compressed oops, g1 gc, windows-amd64)
# No core dump will be written. Minidumps are not enabled by default on client versions of Windows
#

---------------  S U M M A R Y ------------

Command Line: -XX:TieredStopAtLevel=1 -Xverify:none -Dspring.output.ansi.enabled=always -javaagent:C:\Program Files\JetBrains\IntelliJ IDEA 2021.1.2\lib\idea_rt.jar=33137:C:\Program Files\JetBrains\IntelliJ IDEA 2021.1.2\bin -Dcom.sun.management.jmxremote -Dspring.jmx.enabled=true -Dspring.liveBeansView.mbeanDomain -Dspring.application.admin.enabled=true -Dfile.encoding=UTF-8 com.example.backend.BackendApplication

Host: Intel(R) Core(TM) i7-8550U CPU @ 1.80GHz, 8 cores, 7G,  Windows 10 , 64 bit Build 19041 (10.0.19041.1023)
Time: Sat Jun 26 16:33:28 2021 Egypt Standard Time elapsed time: 1 seconds (0d 0h 0m 1s)

---------------  T H R E A D  ---------------

Current thread (0x000001d5b1cb5800):  VMThread "VM Thread" [stack: 0x000000c392b00000,0x000000c392c00000] [id=4332]

Stack: [0x000000c392b00000,0x000000c392c00000]
[error occurred during error reporting (printing stack bounds), id 0xc0000005, EXCEPTION_ACCESS_VIOLATION (0xc0000005) at pc=0x000001d59b3210ad]

Native frames: (J=compiled Java code, j=interpreted, Vv=VM code, C=native code)
V  [jvm.dll+0x626eca]
V  [jvm.dll+0x772c6a]
V  [jvm.dll+0x77441f]
V  [jvm.dll+0x774985]
V  [jvm.dll+0x77493b]
V  [jvm.dll+0x6266ff]
C  [ntdll.dll+0x78a4c]
C  [ntdll.dll+0x51276]
C  [ntdll.dll+0xa0cae]
C  0x000001d59b3210ad

VM_Operation (0x000000c3925fc6f0): CollectForMetadataAllocation, mode: safepoint, requested by thread 0x000001d592e16800


---------------  P R O C E S S  ---------------

Threads class SMR info:
_java_thread_list=0x000001d5b3bc6b60, length=13, elements={
0x000001d592e16800, 0x000001d5b1cb7000, 0x000001d5b1cb8000, 0x000001d5b1cd6000,
0x000001d5b1cd8000, 0x000001d5b1cda000, 0x000001d5b1cde800, 0x000001d5b1c9d000,
0x000001d5b2971800, 0x000001d5b2973800, 0x000001d5b2e3c800, 0x000001d5b3bca800,
0x000001d5b3bcb000
}

Java Threads: ( => current thread )
  0x000001d592e16800 JavaThread "main" [_thread_blocked, id=8152, stack(0x000000c392500000,0x000000c392600000)]
  0x000001d5b1cb7000 JavaThread "Reference Handler" daemon [_thread_blocked, id=7516, stack(0x000000c392c00000,0x000000c392d00000)]
  0x000001d5b1cb8000 JavaThread "Finalizer" daemon [_thread_blocked, id=10388, stack(0x000000c392d00000,0x000000c392e00000)]
  0x000001d5b1cd6000 JavaThread "Signal Dispatcher" daemon [_thread_blocked, id=5532, stack(0x000000c392e00000,0x000000c392f00000)]
  0x000001d5b1cd8000 JavaThread "Attach Listener" daemon [_thread_blocked, id=4308, stack(0x000000c392f00000,0x000000c393000000)]
  0x000001d5b1cda000 JavaThread "C1 CompilerThread0" daemon [_thread_blocked, id=2288, stack(0x000000c393000000,0x000000c393100000)]
  0x000001d5b1cde800 JavaThread "Sweeper thread" daemon [_thread_blocked, id=5728, stack(0x000000c393100000,0x000000c393200000)]
  0x000001d5b1c9d000 JavaThread "Common-Cleaner" daemon [_thread_blocked, id=6708, stack(0x000000c393200000,0x000000c393300000)]
  0x000001d5b2971800 JavaThread "Monitor Ctrl-Break" daemon [_thread_in_native, id=12852, stack(0x000000c393300000,0x000000c393400000)]
  0x000001d5b2973800 JavaThread "Service Thread" daemon [_thread_blocked, id=7856, stack(0x000000c393400000,0x000000c393500000)]
  0x000001d5b2e3c800 JavaThread "RMI TCP Accept-0" daemon [_thread_in_native, id=8492, stack(0x000000c393500000,0x000000c393600000)]
  0x000001d5b3bca800 JavaThread "RMI TCP Connection(1)-192.168.1.41" daemon [_thread_in_native, id=11164, stack(0x000000c393900000,0x000000c393a00000)]
  0x000001d5b3bcb000 JavaThread "RMI Scheduler(0)" daemon [_thread_blocked, id=9676, stack(0x000000c393b00000,0x000000c393c00000)]

Other Threads:
=>0x000001d5b1cb5800 VMThread "VM Thread" [stack: 0x000000c392b00000,0x000000c392c00000] [id=4332]
  0x000001d5b2e5a000 WatcherThread [stack: 0x000000c393600000,0x000000c393700000] [id=5364]
  0x000001d592e5a800 GCTaskThread "GC Thread#0" [stack: 0x000000c392600000,0x000000c392700000] [id=9980]
  0x000001d5b320f800 GCTaskThread "GC Thread#1" [stack: 0x000000c393700000,0x000000c393800000] [id=12876]
  0x000001d5b31e9000 GCTaskThread "GC Thread#2" [stack: 0x000000c393800000,0x000000c393900000] [id=3564]
  0x000001d5b33c1000 GCTaskThread "GC Thread#3" [stack: 0x000000c393a00000,0x000000c393b00000] [id=3192]
  0x000001d592e6e000 ConcurrentGCThread "G1 Main Marker" [stack: 0x000000c392700000,0x000000c392800000] [id=10116]
  0x000001d592e71000 ConcurrentGCThread "G1 Conc#0" [stack: 0x000000c392800000,0x000000c392900000] [id=8596]
  0x000001d592eed800 ConcurrentGCThread "G1 Refine#0" [stack: 0x000000c392900000,0x000000c392a00000] [id=9972]
  0x000001d5b1b33000 ConcurrentGCThread "G1 Young RemSet Sampling" [stack: 0x000000c392a00000,0x000000c392b00000] [id=9644]

Threads with active compile tasks:

VM state:at safepoint (normal execution)

VM Mutex/Monitor currently owned by a thread:  ([mutex/lock_event])
[0x000001d592e13600] Threads_lock - owner thread: 0x000001d5b1cb5800
[0x000001d592e122e0] Heap_lock - owner thread: 0x000001d592e16800

Heap address: 0x0000000081e00000, size: 2018 MB, Compressed Oops mode: 32-bit
Narrow klass base: 0x0000000800000000, Narrow klass shift: 3
Compressed class space size: 1073741824 Address: 0x0000000800b40000

Heap:
 garbage-first heap   total 157696K, used 12567K [0x0000000081e00000, 0x0000000100000000)
  region size 1024K, 6 young (6144K), 6 survivors (6144K)
 Metaspace       used 20337K, capacity 21176K, committed 21296K, reserved 1067008K
  class space    used 2778K, capacity 3140K, committed 3200K, reserved 1048576K
Heap Regions: E=young(eden), S=young(survivor), O=old, HS=humongous(starts), HC=humongous(continues), CS=collection set, F=free, A=archive, TAMS=top-at-mark-start (previous, next)
|   0|0x0000000081e00000, 0x0000000081f00000, 0x0000000081f00000|100%|HS|  |TAMS 0x0000000081e00000, 0x0000000081f00000| Complete 
|   1|0x0000000081f00000, 0x0000000082000000, 0x0000000082000000|100%| O|  |TAMS 0x0000000081f00000, 0x0000000082000000| Untracked 
|   2|0x0000000082000000, 0x0000000082100000, 0x0000000082100000|100%| O|  |TAMS 0x0000000082000000, 0x0000000082100000| Untracked 
|   3|0x0000000082100000, 0x0000000082200000, 0x0000000082200000|100%| O|  |TAMS 0x0000000082100000, 0x0000000082200000| Untracked 
|   4|0x0000000082200000, 0x0000000082300000, 0x0000000082300000|100%| O|  |TAMS 0x0000000082200000, 0x0000000082300000| Untracked 
|   5|0x0000000082300000, 0x0000000082400000, 0x0000000082400000|100%| O|  |TAMS 0x0000000082300000, 0x0000000082400000| Untracked 
|   6|0x0000000082400000, 0x00000000824a2c00, 0x0000000082500000| 63%| O|  |TAMS 0x0000000082400000, 0x00000000824a2c00| Untracked 
|   7|0x0000000082500000, 0x0000000082500000, 0x0000000082600000|  0%| F|  |TAMS 0x0000000082500000, 0x0000000082500000| Untracked 
|   8|0x0000000082600000, 0x0000000082600000, 0x0000000082700000|  0%| F|  |TAMS 0x0000000082600000, 0x0000000082600000| Untracked 
|   9|0x0000000082700000, 0x0000000082700000, 0x0000000082800000|  0%| F|  |TAMS 0x0000000082700000, 0x0000000082700000| Untracked 
|  10|0x0000000082800000, 0x0000000082800000, 0x0000000082900000|  0%| F|  |TAMS 0x0000000082800000, 0x0000000082800000| Untracked 
|  11|0x0000000082900000, 0x0000000082900000, 0x0000000082a00000|  0%| F|  |TAMS 0x0000000082900000, 0x0000000082900000| Untracked 
|  12|0x0000000082a00000, 0x0000000082a00000, 0x0000000082b00000|  0%| F|  |TAMS 0x0000000082a00000, 0x0000000082a00000| Untracked 
|  13|0x0000000082b00000, 0x0000000082b00000, 0x0000000082c00000|  0%| F|  |TAMS 0x0000000082b00000, 0x0000000082b00000| Untracked 
|  14|0x0000000082c00000, 0x0000000082c00000, 0x0000000082d00000|  0%| F|  |TAMS 0x0000000082c00000, 0x0000000082c00000| Untracked 
|  15|0x0000000082d00000, 0x0000000082d00000, 0x0000000082e00000|  0%| F|  |TAMS 0x0000000082d00000, 0x0000000082d00000| Untracked 
|  16|0x0000000082e00000, 0x0000000082e00000, 0x0000000082f00000|  0%| F|  |TAMS 0x0000000082e00000, 0x0000000082e00000| Untracked 
|  17|0x0000000082f00000, 0x0000000082f00000, 0x0000000083000000|  0%| F|  |TAMS 0x0000000082f00000, 0x0000000082f00000| Untracked 
|  18|0x0000000083000000, 0x0000000083000000, 0x0000000083100000|  0%| F|  |TAMS 0x0000000083000000, 0x0000000083000000| Untracked 
|  19|0x0000000083100000, 0x0000000083100000, 0x0000000083200000|  0%| F|  |TAMS 0x0000000083100000, 0x0000000083100000| Untracked 
|  20|0x0000000083200000, 0x0000000083200000, 0x0000000083300000|  0%| F|  |TAMS 0x0000000083200000, 0x0000000083200000| Untracked 
|  21|0x0000000083300000, 0x0000000083300000, 0x0000000083400000|  0%| F|  |TAMS 0x0000000083300000, 0x0000000083300000| Untracked 
|  22|0x0000000083400000, 0x0000000083400000, 0x0000000083500000|  0%| F|  |TAMS 0x0000000083400000, 0x0000000083400000| Untracked 
|  23|0x0000000083500000, 0x0000000083500000, 0x0000000083600000|  0%| F|  |TAMS 0x0000000083500000, 0x0000000083500000| Untracked 
|  24|0x0000000083600000, 0x0000000083600000, 0x0000000083700000|  0%| F|  |TAMS 0x0000000083600000, 0x0000000083600000| Untracked 
|  25|0x0000000083700000, 0x0000000083700000, 0x0000000083800000|  0%| F|  |TAMS 0x0000000083700000, 0x0000000083700000| Untracked 
|  26|0x0000000083800000, 0x0000000083800000, 0x0000000083900000|  0%| F|  |TAMS 0x0000000083800000, 0x0000000083800000| Untracked 
|  27|0x0000000083900000, 0x0000000083900000, 0x0000000083a00000|  0%| F|  |TAMS 0x0000000083900000, 0x0000000083900000| Untracked 
|  28|0x0000000083a00000, 0x0000000083a00000, 0x0000000083b00000|  0%| F|  |TAMS 0x0000000083a00000, 0x0000000083a00000| Untracked 
|  29|0x0000000083b00000, 0x0000000083b00000, 0x0000000083c00000|  0%| F|  |TAMS 0x0000000083b00000, 0x0000000083b00000| Untracked 
|  30|0x0000000083c00000, 0x0000000083c00000, 0x0000000083d00000|  0%| F|  |TAMS 0x0000000083c00000, 0x0000000083c00000| Untracked 
|  31|0x0000000083d00000, 0x0000000083d00000, 0x0000000083e00000|  0%| F|  |TAMS 0x0000000083d00000, 0x0000000083d00000| Untracked 
|  32|0x0000000083e00000, 0x0000000083e00000, 0x0000000083f00000|  0%| F|  |TAMS 0x0000000083e00000, 0x0000000083e00000| Untracked 
|  33|0x0000000083f00000, 0x0000000083f00000, 0x0000000084000000|  0%| F|  |TAMS 0x0000000083f00000, 0x0000000083f00000| Untracked 
|  34|0x0000000084000000, 0x0000000084000000, 0x0000000084100000|  0%| F|  |TAMS 0x0000000084000000, 0x0000000084000000| Untracked 
|  35|0x0000000084100000, 0x0000000084100000, 0x0000000084200000|  0%| F|  |TAMS 0x0000000084100000, 0x0000000084100000| Untracked 
|  36|0x0000000084200000, 0x0000000084200000, 0x0000000084300000|  0%| F|  |TAMS 0x0000000084200000, 0x0000000084200000| Untracked 
|  37|0x0000000084300000, 0x0000000084300000, 0x0000000084400000|  0%| F|  |TAMS 0x0000000084300000, 0x0000000084300000| Untracked 
|  38|0x0000000084400000, 0x0000000084400000, 0x0000000084500000|  0%| F|  |TAMS 0x0000000084400000, 0x0000000084400000| Untracked 
|  39|0x0000000084500000, 0x0000000084500000, 0x0000000084600000|  0%| F|  |TAMS 0x0000000084500000, 0x0000000084500000| Untracked 
|  40|0x0000000084600000, 0x0000000084600000, 0x0000000084700000|  0%| F|  |TAMS 0x0000000084600000, 0x0000000084600000| Untracked 
|  41|0x0000000084700000, 0x0000000084700000, 0x0000000084800000|  0%| F|  |TAMS 0x0000000084700000, 0x0000000084700000| Untracked 
|  42|0x0000000084800000, 0x0000000084800000, 0x0000000084900000|  0%| F|  |TAMS 0x0000000084800000, 0x0000000084800000| Untracked 
|  43|0x0000000084900000, 0x0000000084900000, 0x0000000084a00000|  0%| F|  |TAMS 0x0000000084900000, 0x0000000084900000| Untracked 
|  44|0x0000000084a00000, 0x0000000084a00000, 0x0000000084b00000|  0%| F|  |TAMS 0x0000000084a00000, 0x0000000084a00000| Untracked 
|  45|0x0000000084b00000, 0x0000000084b00000, 0x0000000084c00000|  0%| F|  |TAMS 0x0000000084b00000, 0x0000000084b00000| Untracked 
|  46|0x0000000084c00000, 0x0000000084c00000, 0x0000000084d00000|  0%| F|  |TAMS 0x0000000084c00000, 0x0000000084c00000| Untracked 
|  47|0x0000000084d00000, 0x0000000084d00000, 0x0000000084e00000|  0%| F|  |TAMS 0x0000000084d00000, 0x0000000084d00000| Untracked 
|  48|0x0000000084e00000, 0x0000000084e00000, 0x0000000084f00000|  0%| F|  |TAMS 0x0000000084e00000, 0x0000000084e00000| Untracked 
|  49|0x0000000084f00000, 0x0000000084f00000, 0x0000000085000000|  0%| F|  |TAMS 0x0000000084f00000, 0x0000000084f00000| Untracked 
|  50|0x0000000085000000, 0x0000000085000000, 0x0000000085100000|  0%| F|  |TAMS 0x0000000085000000, 0x0000000085000000| Untracked 
|  51|0x0000000085100000, 0x0000000085100000, 0x0000000085200000|  0%| F|  |TAMS 0x0000000085100000, 0x0000000085100000| Untracked 
|  52|0x0000000085200000, 0x0000000085200000, 0x0000000085300000|  0%| F|  |TAMS 0x0000000085200000, 0x0000000085200000| Untracked 
|  53|0x0000000085300000, 0x0000000085300000, 0x0000000085400000|  0%| F|  |TAMS 0x0000000085300000, 0x0000000085300000| Untracked 
|  54|0x0000000085400000, 0x0000000085400000, 0x0000000085500000|  0%| F|  |TAMS 0x0000000085400000, 0x0000000085400000| Untracked 
|  55|0x0000000085500000, 0x0000000085500000, 0x0000000085600000|  0%| F|  |TAMS 0x0000000085500000, 0x0000000085500000| Untracked 
|  56|0x0000000085600000, 0x0000000085600000, 0x0000000085700000|  0%| F|  |TAMS 0x0000000085600000, 0x0000000085600000| Untracked 
|  57|0x0000000085700000, 0x0000000085700000, 0x0000000085800000|  0%| F|  |TAMS 0x0000000085700000, 0x0000000085700000| Untracked 
|  58|0x0000000085800000, 0x0000000085800000, 0x0000000085900000|  0%| F|  |TAMS 0x0000000085800000, 0x0000000085800000| Untracked 
|  59|0x0000000085900000, 0x0000000085900000, 0x0000000085a00000|  0%| F|  |TAMS 0x0000000085900000, 0x0000000085900000| Untracked 
|  60|0x0000000085a00000, 0x0000000085a00000, 0x0000000085b00000|  0%| F|  |TAMS 0x0000000085a00000, 0x0000000085a00000| Untracked 
|  61|0x0000000085b00000, 0x0000000085b00000, 0x0000000085c00000|  0%| F|  |TAMS 0x0000000085b00000, 0x0000000085b00000| Untracked 
|  62|0x0000000085c00000, 0x0000000085c00000, 0x0000000085d00000|  0%| F|  |TAMS 0x0000000085c00000, 0x0000000085c00000| Untracked 
|  63|0x0000000085d00000, 0x0000000085d00000, 0x0000000085e00000|  0%| F|  |TAMS 0x0000000085d00000, 0x0000000085d00000| Untracked 
|  64|0x0000000085e00000, 0x0000000085e00000, 0x0000000085f00000|  0%| F|  |TAMS 0x0000000085e00000, 0x0000000085e00000| Untracked 
|  65|0x0000000085f00000, 0x0000000085f00000, 0x0000000086000000|  0%| F|  |TAMS 0x0000000085f00000, 0x0000000085f00000| Untracked 
|  66|0x0000000086000000, 0x0000000086000000, 0x0000000086100000|  0%| F|  |TAMS 0x0000000086000000, 0x0000000086000000| Untracked 
|  67|0x0000000086100000, 0x0000000086100000, 0x0000000086200000|  0%| F|  |TAMS 0x0000000086100000, 0x0000000086100000| Untracked 
|  68|0x0000000086200000, 0x0000000086200000, 0x0000000086300000|  0%| F|  |TAMS 0x0000000086200000, 0x0000000086200000| Untracked 
|  69|0x0000000086300000, 0x0000000086300000, 0x0000000086400000|  0%| F|  |TAMS 0x0000000086300000, 0x0000000086300000| Untracked 
|  70|0x0000000086400000, 0x0000000086400000, 0x0000000086500000|  0%| F|  |TAMS 0x0000000086400000, 0x0000000086400000| Untracked 
|  71|0x0000000086500000, 0x0000000086500000, 0x0000000086600000|  0%| F|  |TAMS 0x0000000086500000, 0x0000000086500000| Untracked 
|  72|0x0000000086600000, 0x0000000086600000, 0x0000000086700000|  0%| F|  |TAMS 0x0000000086600000, 0x0000000086600000| Untracked 
|  73|0x0000000086700000, 0x0000000086700000, 0x0000000086800000|  0%| F|  |TAMS 0x0000000086700000, 0x0000000086700000| Untracked 
|  74|0x0000000086800000, 0x0000000086800000, 0x0000000086900000|  0%| F|  |TAMS 0x0000000086800000, 0x0000000086800000| Untracked 
|  75|0x0000000086900000, 0x0000000086900000, 0x0000000086a00000|  0%| F|  |TAMS 0x0000000086900000, 0x0000000086900000| Untracked 
|  76|0x0000000086a00000, 0x0000000086a00000, 0x0000000086b00000|  0%| F|  |TAMS 0x0000000086a00000, 0x0000000086a00000| Untracked 
|  77|0x0000000086b00000, 0x0000000086b00000, 0x0000000086c00000|  0%| F|  |TAMS 0x0000000086b00000, 0x0000000086b00000| Untracked 
|  78|0x0000000086c00000, 0x0000000086c00000, 0x0000000086d00000|  0%| F|  |TAMS 0x0000000086c00000, 0x0000000086c00000| Untracked 
|  79|0x0000000086d00000, 0x0000000086d00000, 0x0000000086e00000|  0%| F|  |TAMS 0x0000000086d00000, 0x0000000086d00000| Untracked 
|  80|0x0000000086e00000, 0x0000000086e00000, 0x0000000086f00000|  0%| F|  |TAMS 0x0000000086e00000, 0x0000000086e00000| Untracked 
|  81|0x0000000086f00000, 0x0000000086f00000, 0x0000000087000000|  0%| F|  |TAMS 0x0000000086f00000, 0x0000000086f00000| Untracked 
|  82|0x0000000087000000, 0x0000000087000000, 0x0000000087100000|  0%| F|  |TAMS 0x0000000087000000, 0x0000000087000000| Untracked 
|  83|0x0000000087100000, 0x0000000087100000, 0x0000000087200000|  0%| F|  |TAMS 0x0000000087100000, 0x0000000087100000| Untracked 
|  84|0x0000000087200000, 0x0000000087200000, 0x0000000087300000|  0%| F|  |TAMS 0x0000000087200000, 0x0000000087200000| Untracked 
|  85|0x0000000087300000, 0x00000000873a3218, 0x0000000087400000| 63%| S|CS|TAMS 0x0000000087300000, 0x0000000087300000| Complete 
|  86|0x0000000087400000, 0x0000000087500000, 0x0000000087500000|100%| S|CS|TAMS 0x0000000087400000, 0x0000000087400000| Complete 
|  87|0x0000000087500000, 0x0000000087600000, 0x0000000087600000|100%| S|CS|TAMS 0x0000000087500000, 0x0000000087500000| Complete 
|  88|0x0000000087600000, 0x0000000087700000, 0x0000000087700000|100%| S|CS|TAMS 0x0000000087600000, 0x0000000087600000| Complete 
|  89|0x0000000087700000, 0x0000000087800000, 0x0000000087800000|100%| S|CS|TAMS 0x0000000087700000, 0x0000000087700000| Complete 
|  90|0x0000000087800000, 0x0000000087900000, 0x0000000087900000|100%| S|CS|TAMS 0x0000000087800000, 0x0000000087800000| Complete 
|  91|0x0000000087900000, 0x0000000087900000, 0x0000000087a00000|  0%| F|  |TAMS 0x0000000087900000, 0x0000000087900000| Untracked 
|  92|0x0000000087a00000, 0x0000000087a00000, 0x0000000087b00000|  0%| F|  |TAMS 0x0000000087a00000, 0x0000000087a00000| Untracked 
|  93|0x0000000087b00000, 0x0000000087b00000, 0x0000000087c00000|  0%| F|  |TAMS 0x0000000087b00000, 0x0000000087b00000| Untracked 
|  94|0x0000000087c00000, 0x0000000087c00000, 0x0000000087d00000|  0%| F|  |TAMS 0x0000000087c00000, 0x0000000087c00000| Untracked 
|  95|0x0000000087d00000, 0x0000000087d00000, 0x0000000087e00000|  0%| F|  |TAMS 0x0000000087d00000, 0x0000000087d00000| Untracked 
|  96|0x0000000087e00000, 0x0000000087e00000, 0x0000000087f00000|  0%| F|  |TAMS 0x0000000087e00000, 0x0000000087e00000| Untracked 
|  97|0x0000000087f00000, 0x0000000087f00000, 0x0000000088000000|  0%| F|  |TAMS 0x0000000087f00000, 0x0000000087f00000| Untracked 
|  98|0x0000000088000000, 0x0000000088000000, 0x0000000088100000|  0%| F|  |TAMS 0x0000000088000000, 0x0000000088000000| Untracked 
|  99|0x0000000088100000, 0x0000000088100000, 0x0000000088200000|  0%| F|  |TAMS 0x0000000088100000, 0x0000000088100000| Untracked 
| 100|0x0000000088200000, 0x0000000088200000, 0x0000000088300000|  0%| F|  |TAMS 0x0000000088200000, 0x0000000088200000| Untracked 
| 101|0x0000000088300000, 0x0000000088300000, 0x0000000088400000|  0%| F|  |TAMS 0x0000000088300000, 0x0000000088300000| Untracked 
| 102|0x0000000088400000, 0x0000000088400000, 0x0000000088500000|  0%| F|  |TAMS 0x0000000088400000, 0x0000000088400000| Untracked 
| 103|0x0000000088500000, 0x0000000088500000, 0x0000000088600000|  0%| F|  |TAMS 0x0000000088500000, 0x0000000088500000| Untracked 
| 104|0x0000000088600000, 0x0000000088600000, 0x0000000088700000|  0%| F|  |TAMS 0x0000000088600000, 0x0000000088600000| Untracked 
| 105|0x0000000088700000, 0x0000000088700000, 0x0000000088800000|  0%| F|  |TAMS 0x0000000088700000, 0x0000000088700000| Untracked 
| 106|0x0000000088800000, 0x0000000088800000, 0x0000000088900000|  0%| F|  |TAMS 0x0000000088800000, 0x0000000088800000| Untracked 
| 107|0x0000000088900000, 0x0000000088900000, 0x0000000088a00000|  0%| F|  |TAMS 0x0000000088900000, 0x0000000088900000| Untracked 
| 108|0x0000000088a00000, 0x0000000088a00000, 0x0000000088b00000|  0%| F|  |TAMS 0x0000000088a00000, 0x0000000088a00000| Untracked 
| 109|0x0000000088b00000, 0x0000000088b00000, 0x0000000088c00000|  0%| F|  |TAMS 0x0000000088b00000, 0x0000000088b00000| Untracked 
| 110|0x0000000088c00000, 0x0000000088c00000, 0x0000000088d00000|  0%| F|  |TAMS 0x0000000088c00000, 0x0000000088c00000| Untracked 
| 111|0x0000000088d00000, 0x0000000088d00000, 0x0000000088e00000|  0%| F|  |TAMS 0x0000000088d00000, 0x0000000088d00000| Untracked 
| 112|0x0000000088e00000, 0x0000000088e00000, 0x0000000088f00000|  0%| F|  |TAMS 0x0000000088e00000, 0x0000000088e00000| Untracked 
| 113|0x0000000088f00000, 0x0000000088f00000, 0x0000000089000000|  0%| F|  |TAMS 0x0000000088f00000, 0x0000000088f00000| Untracked 
| 114|0x0000000089000000, 0x0000000089000000, 0x0000000089100000|  0%| F|  |TAMS 0x0000000089000000, 0x0000000089000000| Untracked 
| 115|0x0000000089100000, 0x0000000089100000, 0x0000000089200000|  0%| F|  |TAMS 0x0000000089100000, 0x0000000089100000| Untracked 
| 116|0x0000000089200000, 0x0000000089200000, 0x0000000089300000|  0%| F|  |TAMS 0x0000000089200000, 0x0000000089200000| Untracked 
| 117|0x0000000089300000, 0x0000000089300000, 0x0000000089400000|  0%| F|  |TAMS 0x0000000089300000, 0x0000000089300000| Untracked 
| 118|0x0000000089400000, 0x0000000089400000, 0x0000000089500000|  0%| F|  |TAMS 0x0000000089400000, 0x0000000089400000| Untracked 
| 119|0x0000000089500000, 0x0000000089500000, 0x0000000089600000|  0%| F|  |TAMS 0x0000000089500000, 0x0000000089500000| Untracked 
| 120|0x0000000089600000, 0x0000000089600000, 0x0000000089700000|  0%| F|  |TAMS 0x0000000089600000, 0x0000000089600000| Untracked 
| 121|0x0000000089700000, 0x0000000089700000, 0x0000000089800000|  0%| F|  |TAMS 0x0000000089700000, 0x0000000089700000| Untracked 
| 122|0x0000000089800000, 0x0000000089800000, 0x0000000089900000|  0%| F|  |TAMS 0x0000000089800000, 0x0000000089800000| Untracked 
| 123|0x0000000089900000, 0x0000000089900000, 0x0000000089a00000|  0%| F|  |TAMS 0x0000000089900000, 0x0000000089900000| Untracked 
| 124|0x0000000089a00000, 0x0000000089a00000, 0x0000000089b00000|  0%| F|  |TAMS 0x0000000089a00000, 0x0000000089a00000| Untracked 
| 125|0x0000000089b00000, 0x0000000089b00000, 0x0000000089c00000|  0%| F|  |TAMS 0x0000000089b00000, 0x0000000089b00000| Untracked 
| 126|0x0000000089c00000, 0x0000000089c00000, 0x0000000089d00000|  0%| F|  |TAMS 0x0000000089c00000, 0x0000000089c00000| Untracked 
| 127|0x0000000089d00000, 0x0000000089d00000, 0x0000000089e00000|  0%| F|  |TAMS 0x0000000089d00000, 0x0000000089d00000| Untracked 

Card table byte_map: [0x000001d5aab70000,0x000001d5aaf70000] _byte_map_base: 0x000001d5aa761000

Marking Bits (Prev, Next): (CMBitMap*) 0x000001d592e5b688, (CMBitMap*) 0x000001d592e5b6c8
 Prev Bits: [0x000001d5ab370000, 0x000001d5ad2f8000)
 Next Bits: [0x000001d5ad300000, 0x000001d5af288000)

Polling page: 0x000001d590d70000

Metaspace:

Usage:
  Non-class:     17.61 MB capacity,    17.15 MB ( 97%) used,   387.28 KB (  2%) free+waste,    89.44 KB ( <1%) overhead. 
      Class:      3.07 MB capacity,     2.71 MB ( 88%) used,   314.27 KB ( 10%) free+waste,    47.69 KB (  2%) overhead. 
       Both:     20.68 MB capacity,    19.86 MB ( 96%) used,   701.55 KB (  3%) free+waste,   137.13 KB ( <1%) overhead. 

Virtual space:
  Non-class space:       18.00 MB reserved,      17.67 MB ( 98%) committed 
      Class space:        1.00 GB reserved,       3.13 MB ( <1%) committed 
             Both:        1.02 GB reserved,      20.80 MB (  2%) committed 

Chunk freelists:
   Non-Class:  12.00 KB
       Class:  28.00 KB
        Both:  40.00 KB

MaxMetaspaceSize: 17179869184.00 GB
CompressedClassSpaceSize: 1.00 GB

CodeHeap 'non-profiled nmethods': size=238336Kb used=4830Kb max_used=4830Kb free=233505Kb
 bounds [0x000001d59ba60000, 0x000001d59bf20000, 0x000001d5aa320000]
CodeHeap 'non-nmethods': size=7424Kb used=1218Kb max_used=1218Kb free=6205Kb
 bounds [0x000001d59b320000, 0x000001d59b590000, 0x000001d59ba60000]
 total_blobs=3715 nmethods=2936 adapters=406
 compilation: enabled
              stopped_count=0, restarted_count=0
 full_count=0

Compilation events (20 events):
Event: 1.697 Thread 0x000001d5b1cda000 2954       1       java.lang.Class::getMethods (26 bytes)
Event: 1.698 Thread 0x000001d5b1cda000 nmethod 2954 0x000001d59bf12d10 code [0x000001d59bf12ee0, 0x000001d59bf130c0]
Event: 1.698 Thread 0x000001d5b1cda000 2955       1       org.springframework.core.annotation.MergedAnnotations::from (8 bytes)
Event: 1.698 Thread 0x000001d5b1cda000 nmethod 2955 0x000001d59bf13190 code [0x000001d59bf13360, 0x000001d59bf13610]
Event: 1.698 Thread 0x000001d5b1cda000 2957       1       org.springframework.core.annotation.TypeMappedAnnotations$IsPresent::doWithAnnotations (183 bytes)
Event: 1.698 Thread 0x000001d5b1cda000 nmethod 2957 0x000001d59bf13790 code [0x000001d59bf139c0, 0x000001d59bf13f00]
Event: 1.698 Thread 0x000001d5b1cda000 2956       1       org.springframework.core.annotation.TypeMappedAnnotations$IsPresent::doWithAnnotations (10 bytes)
Event: 1.698 Thread 0x000001d5b1cda000 nmethod 2956 0x000001d59bf14290 code [0x000001d59bf14440, 0x000001d59bf14590]
Event: 1.698 Thread 0x000001d5b1cda000 2960       1       java.lang.reflect.Method::setMethodAccessor (21 bytes)
Event: 1.699 Thread 0x000001d5b1cda000 nmethod 2960 0x000001d59bf14610 code [0x000001d59bf147c0, 0x000001d59bf14a10]
Event: 1.699 Thread 0x000001d5b1cda000 2958       1       java.lang.reflect.Method::getMethodAccessor (5 bytes)
Event: 1.699 Thread 0x000001d5b1cda000 nmethod 2958 0x000001d59bf14b10 code [0x000001d59bf14ca0, 0x000001d59bf14dd8]
Event: 1.699 Thread 0x000001d5b1cda000 2959       1       jdk.internal.reflect.NativeMethodAccessorImpl::setParent (6 bytes)
Event: 1.699 Thread 0x000001d5b1cda000 nmethod 2959 0x000001d59bf14e90 code [0x000001d59bf15020, 0x000001d59bf15198]
Event: 1.699 Thread 0x000001d5b1cda000 2961       1       org.springframework.beans.factory.annotation.AutowiredAnnotationBeanPostProcessor::findAutowiredAnnotation (63 bytes)
Event: 1.699 Thread 0x000001d5b1cda000 nmethod 2961 0x000001d59bf15210 code [0x000001d59bf15420, 0x000001d59bf157d0]
Event: 1.700 Thread 0x000001d5b1cda000 2962   !   1       sun.net.www.protocol.jar.JarFileFactory::getConnection (40 bytes)
Event: 1.700 Thread 0x000001d5b1cda000 nmethod 2962 0x000001d59bf15a10 code [0x000001d59bf15be0, 0x000001d59bf16030]
Event: 1.706 Thread 0x000001d5b1cda000 2963       1       sun.reflect.generics.parser.SignatureParser::parseTypeArgument (135 bytes)
Event: 1.706 Thread 0x000001d5b1cda000 nmethod 2963 0x000001d59bf16290 code [0x000001d59bf16520, 0x000001d59bf17510]

GC Heap History (9 events):
Event: 0.721 GC heap before
{Heap before GC invocations=0 (full 0):
 garbage-first heap   total 131072K, used 24576K [0x0000000081e00000, 0x0000000100000000)
  region size 1024K, 24 young (24576K), 0 survivors (0K)
 Metaspace       used 6485K, capacity 6847K, committed 7040K, reserved 1056768K
  class space    used 801K, capacity 893K, committed 896K, reserved 1048576K
}
Event: 0.725 GC heap after
{Heap after GC invocations=1 (full 0):
 garbage-first heap   total 131072K, used 6840K [0x0000000081e00000, 0x0000000100000000)
  region size 1024K, 3 young (3072K), 3 survivors (3072K)
 Metaspace       used 6485K, capacity 6847K, committed 7040K, reserved 1056768K
  class space    used 801K, capacity 893K, committed 896K, reserved 1048576K
}
Event: 0.958 GC heap before
{Heap before GC invocations=1 (full 0):
 garbage-first heap   total 131072K, used 32440K [0x0000000081e00000, 0x0000000100000000)
  region size 1024K, 29 young (29696K), 3 survivors (3072K)
 Metaspace       used 9822K, capacity 10306K, committed 10624K, reserved 1058816K
  class space    used 1332K, capacity 1541K, committed 1664K, reserved 1048576K
}
Event: 0.962 GC heap after
{Heap after GC invocations=2 (full 0):
 garbage-first heap   total 131072K, used 8256K [0x0000000081e00000, 0x0000000100000000)
  region size 1024K, 2 young (2048K), 2 survivors (2048K)
 Metaspace       used 9822K, capacity 10306K, committed 10624K, reserved 1058816K
  class space    used 1332K, capacity 1541K, committed 1664K, reserved 1048576K
}
Event: 1.141 GC heap before
{Heap before GC invocations=2 (full 0):
 garbage-first heap   total 131072K, used 49216K [0x0000000081e00000, 0x0000000100000000)
  region size 1024K, 43 young (44032K), 2 survivors (2048K)
 Metaspace       used 14637K, capacity 15269K, committed 15616K, reserved 1062912K
  class space    used 1931K, capacity 2177K, committed 2304K, reserved 1048576K
}
Event: 1.145 GC heap after
{Heap after GC invocations=3 (full 0):
 garbage-first heap   total 131072K, used 9471K [0x0000000081e00000, 0x0000000100000000)
  region size 1024K, 3 young (3072K), 3 survivors (3072K)
 Metaspace       used 14637K, capacity 15269K, committed 15616K, reserved 1062912K
  class space    used 1931K, capacity 2177K, committed 2304K, reserved 1048576K
}
Event: 1.425 GC heap before
{Heap before GC invocations=3 (full 0):
 garbage-first heap   total 131072K, used 68863K [0x0000000081e00000, 0x0000000100000000)
  region size 1024K, 62 young (63488K), 3 survivors (3072K)
 Metaspace       used 16795K, capacity 17569K, committed 17664K, reserved 1064960K
  class space    used 2240K, capacity 2526K, committed 2560K, reserved 1048576K
}
Event: 1.429 GC heap after
{Heap after GC invocations=4 (full 0):
 garbage-first heap   total 131072K, used 10597K [0x0000000081e00000, 0x0000000100000000)
  region size 1024K, 4 young (4096K), 4 survivors (4096K)
 Metaspace       used 16795K, capacity 17569K, committed 17664K, reserved 1064960K
  class space    used 2240K, capacity 2526K, committed 2560K, reserved 1048576K
}
Event: 1.710 GC heap before
{Heap before GC invocations=4 (full 0):
 garbage-first heap   total 131072K, used 47461K [0x0000000081e00000, 0x0000000100000000)
  region size 1024K, 41 young (41984K), 4 survivors (4096K)
 Metaspace       used 20337K, capacity 21176K, committed 21296K, reserved 1067008K
  class space    used 2778K, capacity 3140K, committed 3200K, reserved 1048576K
}

Deoptimization events (0 events):
No events

Classes unloaded (0 events):
No events

Classes redefined (0 events):
No events

Internal exceptions (20 events):
Event: 1.670 Thread 0x000001d592e16800 Exception <a 'java/lang/ClassNotFoundException'{0x0000000087ff6e88}: org/springframework/aop/framework/ProxyProcessorSupportCustomizer> (0x0000000087ff6e88) 
thrown [t:/workspace/open/src/hotspot/share/classfile/systemDictionary.cpp, line 232]
Event: 1.670 Thread 0x000001d592e16800 Exception <a 'java/lang/ClassNotFoundException'{0x0000000087e0e8e8}: org/springframework/aop/framework/autoproxy/AbstractAutoProxyCreatorCustomizer> (0x0000000087e0e8e8) 
thrown [t:/workspace/open/src/hotspot/share/classfile/systemDictionary.cpp, line 232]
Event: 1.671 Thread 0x000001d592e16800 Exception <a 'java/lang/ClassNotFoundException'{0x0000000087e329e0}: org/springframework/aop/framework/autoproxy/AbstractAdvisorAutoProxyCreatorCustomizer> (0x0000000087e329e0) 
thrown [t:/workspace/open/src/hotspot/share/classfile/systemDictionary.cpp, line 232]
Event: 1.672 Thread 0x000001d592e16800 Exception <a 'java/lang/ClassNotFoundException'{0x0000000087e4aa70}: org/springframework/aop/aspectj/autoproxy/AspectJAwareAdvisorAutoProxyCreatorCustomizer> (0x0000000087e4aa70) 
thrown [t:/workspace/open/src/hotspot/share/classfile/systemDictionary.cpp, line 232]
Event: 1.672 Thread 0x000001d592e16800 Exception <a 'java/lang/ClassNotFoundException'{0x0000000087e61c30}: org/springframework/aop/aspectj/annotation/AnnotationAwareAspectJAutoProxyCreatorCustomizer> (0x0000000087e61c30) 
thrown [t:/workspace/open/src/hotspot/share/classfile/systemDictionary.cpp, line 232]
Event: 1.673 Thread 0x000001d592e16800 Exception <a 'java/lang/ClassNotFoundException'{0x0000000087e8a068}: org/springframework/beans/factory/config/SmartInstantiationAwareBeanPostProcessorCustomizer> (0x0000000087e8a068) 
thrown [t:/workspace/open/src/hotspot/share/classfile/systemDictionary.cpp, line 232]
Event: 1.673 Thread 0x000001d592e16800 Exception <a 'java/lang/ClassNotFoundException'{0x0000000087ea21c8}: org/springframework/beans/factory/config/InstantiationAwareBeanPostProcessorCustomizer> (0x0000000087ea21c8) 
thrown [t:/workspace/open/src/hotspot/share/classfile/systemDictionary.cpp, line 232]
Event: 1.673 Thread 0x000001d592e16800 Exception <a 'java/lang/ClassNotFoundException'{0x0000000087eb7a40}: org/springframework/beans/factory/config/BeanPostProcessorCustomizer> (0x0000000087eb7a40) 
thrown [t:/workspace/open/src/hotspot/share/classfile/systemDictionary.cpp, line 232]
Event: 1.674 Thread 0x000001d592e16800 Exception <a 'java/lang/ClassNotFoundException'{0x0000000087ec9c88}: org/springframework/beans/factory/BeanFactoryAwareCustomizer> (0x0000000087ec9c88) 
thrown [t:/workspace/open/src/hotspot/share/classfile/systemDictionary.cpp, line 232]
Event: 1.674 Thread 0x000001d592e16800 Exception <a 'java/lang/ClassNotFoundException'{0x0000000087eda700}: org/springframework/beans/factory/AwareCustomizer> (0x0000000087eda700) 
thrown [t:/workspace/open/src/hotspot/share/classfile/systemDictionary.cpp, line 232]
Event: 1.674 Thread 0x000001d592e16800 Exception <a 'java/lang/ClassNotFoundException'{0x0000000087ee8b18}: org/springframework/core/OrderedCustomizer> (0x0000000087ee8b18) 
thrown [t:/workspace/open/src/hotspot/share/classfile/systemDictionary.cpp, line 232]
Event: 1.674 Thread 0x000001d592e16800 Exception <a 'java/lang/ClassNotFoundException'{0x0000000087efa6e0}: org/springframework/beans/factory/BeanClassLoaderAwareCustomizer> (0x0000000087efa6e0) 
thrown [t:/workspace/open/src/hotspot/share/classfile/systemDictionary.cpp, line 232]
Event: 1.675 Thread 0x000001d592e16800 Exception <a 'java/lang/ClassNotFoundException'{0x0000000087d0aaa0}: org/springframework/beans/factory/AwareCustomizer> (0x0000000087d0aaa0) 
thrown [t:/workspace/open/src/hotspot/share/classfile/systemDictionary.cpp, line 232]
Event: 1.675 Thread 0x000001d592e16800 Exception <a 'java/lang/ClassNotFoundException'{0x0000000087d1bb28}: org/springframework/aop/framework/AopInfrastructureBeanCustomizer> (0x0000000087d1bb28) 
thrown [t:/workspace/open/src/hotspot/share/classfile/systemDictionary.cpp, line 232]
Event: 1.686 Thread 0x000001d592e16800 Exception <a 'java/lang/ClassNotFoundException'{0x0000000087c19478}: java/lang/ObjectCustomizer> (0x0000000087c19478) 
thrown [t:/workspace/open/src/hotspot/share/classfile/systemDictionary.cpp, line 232]
Event: 1.687 Thread 0x000001d592e16800 Exception <a 'java/lang/ClassNotFoundException'{0x0000000087c31a98}: org/springframework/transaction/annotation/AbstractTransactionManagementConfigurationCustomizer> (0x0000000087c31a98) 
thrown [t:/workspace/open/src/hotspot/share/classfile/systemDictionary.cpp, line 232]
Event: 1.687 Thread 0x000001d592e16800 Exception <a 'java/lang/ClassNotFoundException'{0x0000000087c48a40}: org/springframework/transaction/annotation/ProxyTransactionManagementConfigurationCustomizer> (0x0000000087c48a40) 
thrown [t:/workspace/open/src/hotspot/share/classfile/systemDictionary.cpp, line 232]
Event: 1.688 Thread 0x000001d592e16800 Exception <a 'java/lang/ClassNotFoundException'{0x0000000087c5d350}: org/springframework/context/annotation/ImportAwareCustomizer> (0x0000000087c5d350) 
thrown [t:/workspace/open/src/hotspot/share/classfile/systemDictionary.cpp, line 232]
Event: 1.688 Thread 0x000001d592e16800 Exception <a 'java/lang/ClassNotFoundException'{0x0000000087c6d668}: org/springframework/beans/factory/AwareCustomizer> (0x0000000087c6d668) 
thrown [t:/workspace/open/src/hotspot/share/classfile/systemDictionary.cpp, line 232]
Event: 1.708 Thread 0x000001d592e16800 Exception <a 'java/lang/NoSuchMethodError'{0x000000008795b988}: 'java.lang.Object java.lang.invoke.DirectMethodHandle$Holder.invokeSpecialIFC(java.lang.Object, java.lang.Object, java.lang.Object)'> (0x000000008795b988) 
thrown [t:/workspace/open/src/hotspot/share/interpreter/linkResolver.cpp, line 767]

Events (20 events):
Event: 1.708 loading class org/springframework/data/util/Streamable done
Event: 1.708 loading class org/springframework/data/util/StreamUtils
Event: 1.708 loading class org/springframework/data/util/StreamUtils done
Event: 1.708 loading class org/springframework/data/util/NullableWrapper
Event: 1.708 loading class org/springframework/data/util/NullableWrapper done
Event: 1.708 loading class org/springframework/data/projection/ProxyProjectionFactory$MapAccessingMethodInterceptorFactory
Event: 1.708 loading class org/springframework/data/projection/ProxyProjectionFactory$MapAccessingMethodInterceptorFactory done
Event: 1.709 loading class org/springframework/data/projection/MethodInterceptorFactory
Event: 1.709 loading class org/springframework/data/projection/MethodInterceptorFactory done
Event: 1.709 loading class org/springframework/data/projection/ProxyProjectionFactory$PropertyAccessingMethodInvokerFactory
Event: 1.709 loading class org/springframework/data/projection/ProxyProjectionFactory$PropertyAccessingMethodInvokerFactory done
Event: 1.709 loading class org/springframework/transaction/interceptor/TransactionalProxy
Event: 1.709 loading class org/springframework/transaction/interceptor/TransactionalProxy done
Event: 1.709 loading class org/springframework/transaction/annotation/Transactional
Event: 1.709 loading class org/springframework/transaction/annotation/Transactional done
Event: 1.709 loading class org/springframework/aop/IntroductionAwareMethodMatcher
Event: 1.709 loading class org/springframework/aop/IntroductionAwareMethodMatcher done
Event: 1.710 loading class org/springframework/core/MethodClassKey
Event: 1.710 loading class org/springframework/core/MethodClassKey done
Event: 1.710 Executing VM operation: CollectForMetadataAllocation


Dynamic libraries:
0x00007ff64efc0000 - 0x00007ff64efcf000 	C:\Program Files\Java\jdk-13.0.1\bin\java.exe
0x00007ffd25190000 - 0x00007ffd25385000 	C:\WINDOWS\SYSTEM32\ntdll.dll
0x00007ffd24130000 - 0x00007ffd241ed000 	C:\WINDOWS\System32\KERNEL32.DLL
0x00007ffd22c40000 - 0x00007ffd22f08000 	C:\WINDOWS\System32\KERNELBASE.dll
0x00007ffd22a60000 - 0x00007ffd22b60000 	C:\WINDOWS\System32\ucrtbase.dll
0x00007ffd1ba70000 - 0x00007ffd1ba85000 	C:\Program Files\Java\jdk-13.0.1\bin\VCRUNTIME140.dll
0x00007ffd1c430000 - 0x00007ffd1c448000 	C:\Program Files\Java\jdk-13.0.1\bin\jli.dll
0x00007ffd243a0000 - 0x00007ffd2444c000 	C:\WINDOWS\System32\ADVAPI32.dll
0x00007ffd24770000 - 0x00007ffd2480e000 	C:\WINDOWS\System32\msvcrt.dll
0x00007ffd24c40000 - 0x00007ffd24cdb000 	C:\WINDOWS\System32\sechost.dll
0x00007ffd24000000 - 0x00007ffd2412b000 	C:\WINDOWS\System32\RPCRT4.dll
0x00007ffd24a90000 - 0x00007ffd24c30000 	C:\WINDOWS\System32\USER32.dll
0x00007ffd10920000 - 0x00007ffd10bba000 	C:\WINDOWS\WinSxS\amd64_microsoft.windows.common-controls_6595b64144ccf1df_6.0.19041.1052_none_60b8f8fd71f5e8cb\COMCTL32.dll
0x00007ffd228d0000 - 0x00007ffd228f2000 	C:\WINDOWS\System32\win32u.dll
0x00007ffd24810000 - 0x00007ffd2483a000 	C:\WINDOWS\System32\GDI32.dll
0x00007ffd23040000 - 0x00007ffd2314b000 	C:\WINDOWS\System32\gdi32full.dll
0x00007ffd1bea0000 - 0x00007ffd1beaa000 	C:\WINDOWS\SYSTEM32\VERSION.dll
0x00007ffd22fa0000 - 0x00007ffd2303d000 	C:\WINDOWS\System32\msvcp_win.dll
0x00007ffd242e0000 - 0x00007ffd24310000 	C:\WINDOWS\System32\IMM32.DLL
0x00007ffd1b9d0000 - 0x00007ffd1ba6b000 	C:\Program Files\Java\jdk-13.0.1\bin\msvcp140.dll
0x00007ffcea470000 - 0x00007ffceafd6000 	C:\Program Files\Java\jdk-13.0.1\bin\server\jvm.dll
0x00007ffd242d0000 - 0x00007ffd242d8000 	C:\WINDOWS\System32\PSAPI.DLL
0x00007ffd1c1c0000 - 0x00007ffd1c1c9000 	C:\WINDOWS\SYSTEM32\WSOCK32.dll
0x00007ffd13150000 - 0x00007ffd13177000 	C:\WINDOWS\SYSTEM32\WINMM.dll
0x00007ffd24a20000 - 0x00007ffd24a8b000 	C:\WINDOWS\System32\WS2_32.dll
0x00007ffd211d0000 - 0x00007ffd211e2000 	C:\WINDOWS\SYSTEM32\kernel.appcore.dll
0x00007ffd1daa0000 - 0x00007ffd1dab0000 	C:\Program Files\Java\jdk-13.0.1\bin\verify.dll
0x00007ffd206e0000 - 0x00007ffd208c4000 	C:\WINDOWS\SYSTEM32\DBGHELP.DLL
0x00007ffd0fdc0000 - 0x00007ffd0fdec000 	C:\WINDOWS\SYSTEM32\dbgcore.DLL
0x00007ffd22f10000 - 0x00007ffd22f93000 	C:\WINDOWS\System32\bcryptPrimitives.dll
0x00007ffd1b910000 - 0x00007ffd1b936000 	C:\Program Files\Java\jdk-13.0.1\bin\java.dll
0x00007ffd1c1e0000 - 0x00007ffd1c1ee000 	C:\Program Files\Java\jdk-13.0.1\bin\instrument.dll
0x00007ffd13ec0000 - 0x00007ffd13ed7000 	C:\Program Files\Java\jdk-13.0.1\bin\zip.dll
0x00007ffd1c3e0000 - 0x00007ffd1c3ea000 	C:\Program Files\Java\jdk-13.0.1\bin\jimage.dll
0x00007ffd23200000 - 0x00007ffd2393f000 	C:\WINDOWS\System32\SHELL32.dll
0x00007ffd209f0000 - 0x00007ffd21180000 	C:\WINDOWS\SYSTEM32\windows.storage.dll
0x00007ffd23940000 - 0x00007ffd23c95000 	C:\WINDOWS\System32\combase.dll
0x00007ffd22340000 - 0x00007ffd2236c000 	C:\WINDOWS\SYSTEM32\Wldp.dll
0x00007ffd24600000 - 0x00007ffd246ae000 	C:\WINDOWS\System32\SHCORE.dll
0x00007ffd249c0000 - 0x00007ffd24a15000 	C:\WINDOWS\System32\shlwapi.dll
0x00007ffd22810000 - 0x00007ffd2282f000 	C:\WINDOWS\SYSTEM32\profapi.dll
0x00007ffd08b20000 - 0x00007ffd08b39000 	C:\Program Files\Java\jdk-13.0.1\bin\net.dll
0x00007ffd20050000 - 0x00007ffd2015b000 	C:\WINDOWS\SYSTEM32\WINHTTP.dll
0x00007ffd220b0000 - 0x00007ffd2211a000 	C:\WINDOWS\system32\mswsock.dll
0x00007ffd08a80000 - 0x00007ffd08a93000 	C:\Program Files\Java\jdk-13.0.1\bin\nio.dll
0x00007ffd06cb0000 - 0x00007ffd06cca000 	C:\Program Files\JetBrains\IntelliJ IDEA 2021.1.2\bin\breakgen64.dll
0x00007ffd21d90000 - 0x00007ffd21e5c000 	C:\WINDOWS\SYSTEM32\DNSAPI.dll
0x00007ffd21d50000 - 0x00007ffd21d8b000 	C:\WINDOWS\SYSTEM32\IPHLPAPI.DLL
0x00007ffd24c30000 - 0x00007ffd24c38000 	C:\WINDOWS\System32\NSI.dll
0x00007ffd12030000 - 0x00007ffd1203a000 	C:\Windows\System32\rasadhlp.dll
0x00007ffd121a0000 - 0x00007ffd1221f000 	C:\WINDOWS\System32\fwpuclnt.dll
0x00007ffd22bc0000 - 0x00007ffd22be7000 	C:\WINDOWS\System32\bcrypt.dll
0x00007ffd1b9c0000 - 0x00007ffd1b9c9000 	C:\Program Files\Java\jdk-13.0.1\bin\management.dll
0x00007ffd1b900000 - 0x00007ffd1b90b000 	C:\Program Files\Java\jdk-13.0.1\bin\management_ext.dll
0x00007ffd22290000 - 0x00007ffd222a8000 	C:\WINDOWS\SYSTEM32\CRYPTSP.dll
0x00007ffd219e0000 - 0x00007ffd21a14000 	C:\WINDOWS\system32\rsaenh.dll
0x00007ffd227d0000 - 0x00007ffd227fe000 	C:\WINDOWS\SYSTEM32\USERENV.dll
0x00007ffd22280000 - 0x00007ffd2228c000 	C:\WINDOWS\SYSTEM32\CRYPTBASE.dll
0x00007ffd18e60000 - 0x00007ffd18e77000 	C:\WINDOWS\SYSTEM32\dhcpcsvc6.DLL
0x00007ffd1a9d0000 - 0x00007ffd1a9ed000 	C:\WINDOWS\SYSTEM32\dhcpcsvc.DLL
0x00007ffd07230000 - 0x00007ffd07247000 	C:\WINDOWS\system32\napinsp.dll
0x00007ffd07210000 - 0x00007ffd0722b000 	C:\WINDOWS\system32\pnrpnsp.dll
0x00007ffd071f0000 - 0x00007ffd07205000 	C:\WINDOWS\system32\wshbth.dll
0x00007ffd1da30000 - 0x00007ffd1da4d000 	C:\WINDOWS\system32\NLAapi.dll
0x00007ffd071b0000 - 0x00007ffd071c2000 	C:\WINDOWS\System32\winrnr.dll

dbghelp: loaded successfully - version: 4.0.5 - missing functions: none
symbol engine: initialized successfully - sym options: 0x614 - pdb path: .;C:\Program Files\Java\jdk-13.0.1\bin;C:\WINDOWS\SYSTEM32;C:\WINDOWS\WinSxS\amd64_microsoft.windows.common-controls_6595b64144ccf1df_6.0.19041.1052_none_60b8f8fd71f5e8cb;C:\Program Files\Java\jdk-13.0.1\bin\server;C:\Program Files\JetBrains\IntelliJ IDEA 2021.1.2\bin

VM Arguments:
jvm_args: -XX:TieredStopAtLevel=1 -Xverify:none -Dspring.output.ansi.enabled=always -javaagent:C:\Program Files\JetBrains\IntelliJ IDEA 2021.1.2\lib\idea_rt.jar=33137:C:\Program Files\JetBrains\IntelliJ IDEA 2021.1.2\bin -Dcom.sun.management.jmxremote -Dspring.jmx.enabled=true -Dspring.liveBeansView.mbeanDomain -Dspring.application.admin.enabled=true -Dfile.encoding=UTF-8 
java_command: com.example.backend.BackendApplication
java_class_path (initial): C:\Data\backend\target\classes;C:\Users\Ahmed\.m2\repository\org\springframework\boot\spring-boot-starter-data-jpa\2.5.2\spring-boot-starter-data-jpa-2.5.2.jar;C:\Users\Ahmed\.m2\repository\org\springframework\boot\spring-boot-starter-aop\2.5.2\spring-boot-starter-aop-2.5.2.jar;C:\Users\Ahmed\.m2\repository\org\springframework\spring-aop\5.3.8\spring-aop-5.3.8.jar;C:\Users\Ahmed\.m2\repository\org\aspectj\aspectjweaver\1.9.6\aspectjweaver-1.9.6.jar;C:\Users\Ahmed\.m2\repository\org\springframework\boot\spring-boot-starter-jdbc\2.5.2\spring-boot-starter-jdbc-2.5.2.jar;C:\Users\Ahmed\.m2\repository\com\zaxxer\HikariCP\4.0.3\HikariCP-4.0.3.jar;C:\Users\Ahmed\.m2\repository\org\springframework\spring-jdbc\5.3.8\spring-jdbc-5.3.8.jar;C:\Users\Ahmed\.m2\repository\jakarta\transaction\jakarta.transaction-api\1.3.3\jakarta.transaction-api-1.3.3.jar;C:\Users\Ahmed\.m2\repository\jakarta\persistence\jakarta.persistence-api\2.2.3\jakarta.persistence-api-2.2.3.jar;C:\Users\Ahmed\.m2\repository\org\hibernate\hibernate-core\5.4.32.Final\hibernate-core-5.4.32.Final.jar;C:\Users\Ahmed\.m2\repository\org\jboss\logging\jboss-logging\3.4.2.Final\jboss-logging-3.4.2.Final.jar;C:\Users\Ahmed\.m2\repository\org\javassist\javassist\3.27.0-GA\javassist-3.27.0-GA.jar;C:\Users\Ahmed\.m2\repository\net\bytebuddy\byte-buddy\1.10.22\byte-buddy-1.10.22.jar;C:\Users\Ahmed\.m2\repository\antlr\antlr\2.7.7\antlr-2.7.7.jar;C:\Users\Ahmed\.m2\repository\org\jboss\jandex\2.2.3.Final\jandex-2.2.3.Final.jar;C:\Users\Ahmed\.m2\repository\com\fasterxml\classmate\1.5.1\classmate-1.5.1.jar;C:\Users\Ahmed\.m2\repository\org\dom4j\dom4j\2.1.3\dom4j-2.1.3.jar;C:\Users\Ahmed\.m2\repository\org\hibernate\common\hibernate-commons-annotations\5.1.2.Final\hibernate-commons-annotations-5.1.2.Final.jar;C:\Users\Ahmed\.m2\repository\org\glassfish\jaxb\jaxb-runtime\2.3.4\jaxb-runtime-2.3.4.jar;C:\Users\Ahmed\.m2\repository\org\glassfish\jaxb\txw2\2.3.4\txw2-2.3.4.jar;C:\Users\Ahmed\.m2\repo
Launcher Type: SUN_STANDARD

[Global flags]
     intx CICompilerCount                          = 4                                         {product} {ergonomic}
     uint ConcGCThreads                            = 2                                         {product} {ergonomic}
     uint G1ConcRefinementThreads                  = 8                                         {product} {ergonomic}
   size_t G1HeapRegionSize                         = 1048576                                   {product} {ergonomic}
    uintx GCDrainStackTargetSize                   = 64                                        {product} {ergonomic}
   size_t InitialHeapSize                          = 134217728                                 {product} {ergonomic}
     bool ManagementServer                         = true                                      {product} {command line}
   size_t MarkStackSize                            = 4194304                                   {product} {ergonomic}
   size_t MaxHeapSize                              = 2116026368                                {product} {ergonomic}
   size_t MaxNewSize                               = 1268776960                                {product} {ergonomic}
   size_t MinHeapDeltaBytes                        = 1048576                                   {product} {ergonomic}
   size_t MinHeapSize                              = 8388608                                   {product} {ergonomic}
    uintx NonNMethodCodeHeapSize                   = 7549744                                {pd product} {ergonomic}
    uintx NonProfiledCodeHeapSize                  = 244108496                              {pd product} {ergonomic}
    uintx ProfiledCodeHeapSize                     = 0                                      {pd product} {ergonomic}
    uintx ReservedCodeCacheSize                    = 251658240                              {pd product} {ergonomic}
     bool SegmentedCodeCache                       = true                                      {product} {ergonomic}
   size_t SoftMaxHeapSize                          = 2116026368                             {manageable} {ergonomic}
     intx TieredStopAtLevel                        = 1                                         {product} {command line}
     bool UseCompressedClassPointers               = true                                 {lp64_product} {ergonomic}
     bool UseCompressedOops                        = true                                 {lp64_product} {ergonomic}
     bool UseG1GC                                  = true                                      {product} {ergonomic}
     bool UseLargePagesIndividualAllocation        = false                                  {pd product} {ergonomic}

Logging:
Log output configuration:
 #0: stdout all=warning uptime,level,tags
 #1: stderr all=off uptime,level,tags

Environment Variables:
JAVA_HOME=C:\Program Files\AdoptOpenJDK\jdk-11.0.11.9-hotspot\
PATH=C:\Program Files\AdoptOpenJDK\jdk-11.0.11.9-hotspot\bin;C:\Windows\system32;C:\Windows;C:\Windows\System32\Wbem;C:\Windows\System32\WindowsPowerShell\v1.0\;C:\Windows\System32\OpenSSH\;C:\Program Files (x86)\NVIDIA Corporation\PhysX\Common;C:\Program Files\Git\cmd;C:\Program Files\nodejs\;C:\WINDOWS\system32;C:\WINDOWS;C:\WINDOWS\System32\Wbem;C:\WINDOWS\System32\WindowsPowerShell\v1.0\;C:\WINDOWS\System32\OpenSSH\;C:\Program Files\Dart\dart-sdk\bin;C:\Users\Ahmed\AppData\Roaming\npm\node_modules\http-server;C:\Users\Ahmed\AppData\Roaming\npm;C:\Users\Ahmed\AppData\Local\Programs\Python\Python37-32\Scripts\;C:\Users\Ahmed\AppData\Local\Programs\Python\Python37-32\;C:\Users\Ahmed\AppData\Local\Microsoft\WindowsApps;C:\Users\Ahmed\AppData\Local\Programs\Microsoft VS Code\bin;C:\Users\Ahmed\AppData\Roaming\npm;C:\Users\Ahmed\AppData\Local\GitHubDesktop\bin;C:\Users\Ahmed\AppData\Local\Microsoft\WindowsApps;C:\Program Files\JetBrains\IntelliJ IDEA Community Edition 2019.2.4\bin;;C:\Data\flutter\bin;C:\MinGW\bin;C:\Hugo\bin;C:\Program Files (x86)\Nmap;C:\Users\Ahmed\AppData\Roaming\npm;C:\Users\Ahmed\AppData\Roaming\npm\node_modules\http-server;;C:\Program Files\JetBrains\IntelliJ IDEA 2021.1.2\bin;
USERNAME=Ahmed
OS=Windows_NT
PROCESSOR_IDENTIFIER=Intel64 Family 6 Model 142 Stepping 10, GenuineIntel



---------------  S Y S T E M  ---------------

OS: Windows 10 , 64 bit Build 19041 (10.0.19041.1023)

CPU:total 8 (initial active 8) (4 cores per cpu, 2 threads per core) family 6 model 142 stepping 10, cmov, cx8, fxsr, mmx, sse, sse2, sse3, ssse3, sse4.1, sse4.2, popcnt, avx, avx2, aes, clmul, erms, 3dnowpref, lzcnt, ht, tsc, tscinvbit, bmi1, bmi2, adx, fma

Memory: 4k page, system-wide physical 8066M (798M free)
TotalPageFile size 8066M (AvailPageFile size 18M)
current process WorkingSet (physical memory assigned to process): 144M, peak: 144M
current process commit charge ("private bytes"): 246M, peak: 272M

vm_info: Java HotSpot(TM) 64-Bit Server VM (13.0.1+9) for windows-amd64 JRE (13.0.1+9), built on Oct  6 2019 12:37:49 by "mach5one" with unknown MS VC++:1916

END.
